make -C /home/jianyu/optee/build/../optee_os O=out/arm CFG_ARM64_core=y PLATFORM=vexpress-qemu_armv8a CROSS_COMPILE="/usr/bin/ccache /home/jianyu/optee/build/../toolchains/aarch64/bin/aarch64-linux-gnu-" CROSS_COMPILE_core="/usr/bin/ccache /home/jianyu/optee/build/../toolchains/aarch64/bin/aarch64-linux-gnu-" CROSS_COMPILE_ta_arm64="/usr/bin/ccache /home/jianyu/optee/build/../toolchains/aarch64/bin/aarch64-linux-gnu-" CROSS_COMPILE_ta_arm32="/usr/bin/ccache /home/jianyu/optee/build/../toolchains/aarch32/bin/arm-linux-gnueabihf-" CFG_TEE_CORE_LOG_LEVEL=3 DEBUG=0 CFG_TEE_BENCHMARK=n DEBUG=0
make[1]: Entering directory '/home/jianyu/optee/optee_os'
  CHK     out/arm/conf.mk
  CHK     out/arm/conf.cmake
  CHK     out/arm/export-ta_arm32/mk/conf.mk
  CHK     out/arm/export-ta_arm64/mk/conf.mk
  CHK     out/arm/include/generated/conf.h
  CHK     out/arm/core/include/generated/asm-defines.h
  CC      out/arm/core/drivers/gpu/drm/nouveau//dispnv04/arb.o
  CC      out/arm/core/drivers/gpu/drm/nouveau//dispnv04/crtc.o
  CC      out/arm/core/drivers/gpu/drm/nouveau//dispnv04/cursor.o
  CC      out/arm/core/drivers/gpu/drm/nouveau//dispnv04/dac.o
  CC      out/arm/core/drivers/gpu/drm/nouveau//dispnv04/dfp.o
  CC      out/arm/core/drivers/gpu/drm/nouveau//dispnv04/disp.o
  CC      out/arm/core/drivers/gpu/drm/nouveau//dispnv04/hw.o
  CC      out/arm/core/drivers/gpu/drm/nouveau//dispnv04/overlay.o
  CC      out/arm/core/drivers/gpu/drm/nouveau//dispnv04/tvmodesnv17.o
  CC      out/arm/core/drivers/gpu/drm/nouveau//dispnv04/tvnv04.o
  CC      out/arm/core/drivers/gpu/drm/nouveau//dispnv04/tvnv17.o
  CC      out/arm/core/drivers/gpu/drm/nouveau//dispnv50/disp.o
  CC      out/arm/core/drivers/gpu/drm/nouveau//dispnv50/lut.o
  CC      out/arm/core/drivers/gpu/drm/nouveau//dispnv50/core.o
  CC      out/arm/core/drivers/gpu/drm/nouveau//dispnv50/core507d.o
  CC      out/arm/core/drivers/gpu/drm/nouveau//dispnv50/core827d.o
  CC      out/arm/core/drivers/gpu/drm/nouveau//dispnv50/core907d.o
  CC      out/arm/core/drivers/gpu/drm/nouveau//dispnv50/core917d.o
  CC      out/arm/core/drivers/gpu/drm/nouveau//dispnv50/corec37d.o
  CC      out/arm/core/drivers/gpu/drm/nouveau//dispnv50/corec57d.o
  CC      out/arm/core/drivers/gpu/drm/nouveau//dispnv50/dac507d.o
  CC      out/arm/core/drivers/gpu/drm/nouveau//dispnv50/dac907d.o
  CC      out/arm/core/drivers/gpu/drm/nouveau//dispnv50/pior507d.o
  CC      out/arm/core/drivers/gpu/drm/nouveau//dispnv50/sor507d.o
  CC      out/arm/core/drivers/gpu/drm/nouveau//dispnv50/sor907d.o
  CC      out/arm/core/drivers/gpu/drm/nouveau//dispnv50/sorc37d.o
  CC      out/arm/core/drivers/gpu/drm/nouveau//dispnv50/head.o
  CC      out/arm/core/drivers/gpu/drm/nouveau//dispnv50/head507d.o
  CC      out/arm/core/drivers/gpu/drm/nouveau//dispnv50/head827d.o
  CC      out/arm/core/drivers/gpu/drm/nouveau//dispnv50/head907d.o
  CC      out/arm/core/drivers/gpu/drm/nouveau//dispnv50/head917d.o
  CC      out/arm/core/drivers/gpu/drm/nouveau//dispnv50/headc37d.o
  CC      out/arm/core/drivers/gpu/drm/nouveau//dispnv50/headc57d.o
  CC      out/arm/core/drivers/gpu/drm/nouveau//dispnv50/wimm.o
  CC      out/arm/core/drivers/gpu/drm/nouveau//dispnv50/wimmc37b.o
  CC      out/arm/core/drivers/gpu/drm/nouveau//dispnv50/wndw.o
  CC      out/arm/core/drivers/gpu/drm/nouveau//dispnv50/wndwc37e.o
  CC      out/arm/core/drivers/gpu/drm/nouveau//dispnv50/wndwc57e.o
  CC      out/arm/core/drivers/gpu/drm/nouveau//dispnv50/base.o
  CC      out/arm/core/drivers/gpu/drm/nouveau//dispnv50/base507c.o
In file included from core/include/linux_headers/linux_include/linux/kernel.h:14,
                 from core/include/linux_headers/linux_include/linux/list.h:9,
                 from core/include/linux_headers/linux_include/linux/mutex.h:15,
                 from core/include/linux_headers/linux_include/linux/notifier.h:14,
                 from core/drivers/gpu/drm/nouveau/nouveau_drv.h:41,
                 from core/drivers/gpu/drm/nouveau//dispnv04/cursor.c:3:
core/include/linux_headers/linux_include/linux/memcontrol.h: In function ‘mem_cgroup_under_socket_pressure’:
core/include/linux_headers/linux_include/linux/typecheck.h:12:18: warning: comparison of distinct pointer types lacks a cast
   12 |  (void)(&__dummy == &__dummy2); \
      |                  ^~
core/include/linux_headers/linux_include/linux/jiffies.h:141:3: note: in expansion of macro ‘typecheck’
  141 |   typecheck(unsigned long, b) && \
      |   ^~~~~~~~~
core/include/linux_headers/linux_include/linux/jiffies.h:143:26: note: in expansion of macro ‘time_after’
  143 | #define time_before(a,b) time_after(b,a)
      |                          ^~~~~~~~~~
core/include/linux_headers/linux_include/linux/memcontrol.h:1475:7: note: in expansion of macro ‘time_before’
 1475 |   if (time_before(jiffies, memcg->socket_pressure))
      |       ^~~~~~~~~~~
  CC      out/arm/core/drivers/gpu/drm/nouveau//dispnv50/base827c.o
In file included from core/include/linux_headers/linux_include/linux/kernel.h:14,
                 from core/include/linux_headers/linux_include/linux/list.h:9,
                 from core/include/linux_headers/linux_include/linux/timer.h:5,
                 from core/include/linux_headers/linux_include/linux/workqueue.h:9,
                 from core/drivers/gpu/drm/nouveau//dispnv50/disp.h:3,
                 from core/drivers/gpu/drm/nouveau//dispnv50/core.h:3,
                 from core/drivers/gpu/drm/nouveau//dispnv50/core.c:22:
core/include/linux_headers/linux_include/linux/memcontrol.h: In function ‘mem_cgroup_under_socket_pressure’:
core/include/linux_headers/linux_include/linux/typecheck.h:12:18: warning: comparison of distinct pointer types lacks a cast
   12 |  (void)(&__dummy == &__dummy2); \
      |                  ^~
core/include/linux_headers/linux_include/linux/jiffies.h:141:3: note: in expansion of macro ‘typecheck’
  141 |   typecheck(unsigned long, b) && \
      |   ^~~~~~~~~
core/include/linux_headers/linux_include/linux/jiffies.h:143:26: note: in expansion of macro ‘time_after’
  143 | #define time_before(a,b) time_after(b,a)
      |                          ^~~~~~~~~~
core/include/linux_headers/linux_include/linux/memcontrol.h:1475:7: note: in expansion of macro ‘time_before’
 1475 |   if (time_before(jiffies, memcg->socket_pressure))
      |       ^~~~~~~~~~~
In file included from core/include/linux_headers/linux_include/linux/kernel.h:14,
                 from core/include/linux_headers/linux_include/linux/list.h:9,
                 from core/include/linux_headers/linux_include/linux/timer.h:5,
                 from core/include/linux_headers/linux_include/linux/workqueue.h:9,
                 from core/drivers/gpu/drm/nouveau//dispnv50/disp.h:3,
                 from core/drivers/gpu/drm/nouveau//dispnv50/core.h:3,
                 from core/drivers/gpu/drm/nouveau//dispnv50/core827d.c:22:
core/include/linux_headers/linux_include/linux/memcontrol.h: In function ‘mem_cgroup_under_socket_pressure’:
core/include/linux_headers/linux_include/linux/typecheck.h:12:18: warning: comparison of distinct pointer types lacks a cast
   12 |  (void)(&__dummy == &__dummy2); \
      |                  ^~
core/include/linux_headers/linux_include/linux/jiffies.h:141:3: note: in expansion of macro ‘typecheck’
  141 |   typecheck(unsigned long, b) && \
      |   ^~~~~~~~~
core/include/linux_headers/linux_include/linux/jiffies.h:143:26: note: in expansion of macro ‘time_after’
  143 | #define time_before(a,b) time_after(b,a)
      |                          ^~~~~~~~~~
core/include/linux_headers/linux_include/linux/memcontrol.h:1475:7: note: in expansion of macro ‘time_before’
 1475 |   if (time_before(jiffies, memcg->socket_pressure))
      |       ^~~~~~~~~~~
In file included from core/include/linux_headers/linux_include/linux/kernel.h:14,
                 from core/include/linux_headers/linux_include/linux/list.h:9,
                 from core/include/linux_headers/linux_include/linux/timer.h:5,
                 from core/include/linux_headers/linux_include/linux/workqueue.h:9,
                 from core/drivers/gpu/drm/nouveau//dispnv50/disp.h:3,
                 from core/drivers/gpu/drm/nouveau//dispnv50/core.h:3,
                 from core/drivers/gpu/drm/nouveau//dispnv50/pior507d.c:22:
core/include/linux_headers/linux_include/linux/memcontrol.h: In function ‘mem_cgroup_under_socket_pressure’:
core/include/linux_headers/linux_include/linux/typecheck.h:12:18: warning: comparison of distinct pointer types lacks a cast
   12 |  (void)(&__dummy == &__dummy2); \
      |                  ^~
core/include/linux_headers/linux_include/linux/jiffies.h:141:3: note: in expansion of macro ‘typecheck’
  141 |   typecheck(unsigned long, b) && \
      |   ^~~~~~~~~
core/include/linux_headers/linux_include/linux/jiffies.h:143:26: note: in expansion of macro ‘time_after’
  143 | #define time_before(a,b) time_after(b,a)
      |                          ^~~~~~~~~~
core/include/linux_headers/linux_include/linux/memcontrol.h:1475:7: note: in expansion of macro ‘time_before’
 1475 |   if (time_before(jiffies, memcg->socket_pressure))
      |       ^~~~~~~~~~~
In file included from core/include/linux_headers/linux_include/linux/kernel.h:14,
                 from core/include/linux_headers/linux_include/linux/list.h:9,
                 from core/include/linux_headers/linux_include/linux/timer.h:5,
                 from core/include/linux_headers/linux_include/linux/workqueue.h:9,
                 from core/drivers/gpu/drm/nouveau//dispnv50/disp.h:3,
                 from core/drivers/gpu/drm/nouveau//dispnv50/core.h:3,
                 from core/drivers/gpu/drm/nouveau//dispnv50/dac907d.c:22:
core/include/linux_headers/linux_include/linux/memcontrol.h: In function ‘mem_cgroup_under_socket_pressure’:
core/include/linux_headers/linux_include/linux/typecheck.h:12:18: warning: comparison of distinct pointer types lacks a cast
   12 |  (void)(&__dummy == &__dummy2); \
      |                  ^~
core/include/linux_headers/linux_include/linux/jiffies.h:141:3: note: in expansion of macro ‘typecheck’
  141 |   typecheck(unsigned long, b) && \
      |   ^~~~~~~~~
core/include/linux_headers/linux_include/linux/jiffies.h:143:26: note: in expansion of macro ‘time_after’
  143 | #define time_before(a,b) time_after(b,a)
      |                          ^~~~~~~~~~
core/include/linux_headers/linux_include/linux/memcontrol.h:1475:7: note: in expansion of macro ‘time_before’
 1475 |   if (time_before(jiffies, memcg->socket_pressure))
      |       ^~~~~~~~~~~
In file included from core/include/linux_headers/linux_include/linux/kernel.h:14,
                 from core/include/linux_headers/linux_include/linux/list.h:9,
                 from core/include/linux_headers/linux_include/linux/mutex.h:15,
                 from core/include/linux_headers/linux_include/linux/notifier.h:14,
                 from core/drivers/gpu/drm/nouveau/nouveau_drv.h:41,
                 from core/drivers/gpu/drm/nouveau//dispnv04/arb.c:24:
core/include/linux_headers/linux_include/linux/memcontrol.h: In function ‘mem_cgroup_under_socket_pressure’:
core/include/linux_headers/linux_include/linux/typecheck.h:12:18: warning: comparison of distinct pointer types lacks a cast
   12 |  (void)(&__dummy == &__dummy2); \
      |                  ^~
core/include/linux_headers/linux_include/linux/jiffies.h:141:3: note: in expansion of macro ‘typecheck’
  141 |   typecheck(unsigned long, b) && \
      |   ^~~~~~~~~
core/include/linux_headers/linux_include/linux/jiffies.h:143:26: note: in expansion of macro ‘time_after’
  143 | #define time_before(a,b) time_after(b,a)
      |                          ^~~~~~~~~~
core/include/linux_headers/linux_include/linux/memcontrol.h:1475:7: note: in expansion of macro ‘time_before’
 1475 |   if (time_before(jiffies, memcg->socket_pressure))
      |       ^~~~~~~~~~~
  CC      out/arm/core/drivers/gpu/drm/nouveau//dispnv50/base907c.o
In file included from core/include/linux_headers/linux_include/linux/kernel.h:14,
                 from core/include/linux_headers/linux_include/asm-generic/bug.h:20,
                 from core/include/linux_headers/arch_header/asm/bug.h:30,
                 from core/include/linux_headers/linux_include/linux/bug.h:5,
                 from core/include/linux_headers/linux_include/linux/mmdebug.h:5,
                 from core/include/linux_headers/linux_include/linux/gfp.h:5,
                 from core/include/linux_headers/linux_include/linux/slab.h:15,
                 from core/drivers/gpu/drm/nouveau/include/nvif/os.h:6,
                 from core/drivers/gpu/drm/nouveau/include/nvif/object.h:4,
                 from core/drivers/gpu/drm/nouveau/include/nvif/mmu.h:3,
                 from core/drivers/gpu/drm/nouveau/include/nvif/mem.h:3,
                 from core/drivers/gpu/drm/nouveau//dispnv50/lut.h:3,
                 from core/drivers/gpu/drm/nouveau//dispnv50/lut.c:22:
core/include/linux_headers/linux_include/linux/memcontrol.h: In function ‘mem_cgroup_under_socket_pressure’:
core/include/linux_headers/linux_include/linux/typecheck.h:12:18: warning: comparison of distinct pointer types lacks a cast
   12 |  (void)(&__dummy == &__dummy2); \
      |                  ^~
core/include/linux_headers/linux_include/linux/jiffies.h:141:3: note: in expansion of macro ‘typecheck’
  141 |   typecheck(unsigned long, b) && \
      |   ^~~~~~~~~
core/include/linux_headers/linux_include/linux/jiffies.h:143:26: note: in expansion of macro ‘time_after’
  143 | #define time_before(a,b) time_after(b,a)
      |                          ^~~~~~~~~~
core/include/linux_headers/linux_include/linux/memcontrol.h:1475:7: note: in expansion of macro ‘time_before’
 1475 |   if (time_before(jiffies, memcg->socket_pressure))
      |       ^~~~~~~~~~~
  CC      out/arm/core/drivers/gpu/drm/nouveau//dispnv50/base917c.o
  CC      out/arm/core/drivers/gpu/drm/nouveau//dispnv50/curs.o
  CC      out/arm/core/drivers/gpu/drm/nouveau//dispnv50/curs507a.o
  CC      out/arm/core/drivers/gpu/drm/nouveau//dispnv50/curs907a.o
In file included from core/include/linux_headers/linux_include/linux/kernel.h:14,
                 from core/include/linux_headers/linux_include/linux/list.h:9,
                 from core/include/linux_headers/linux_include/linux/timer.h:5,
                 from core/include/linux_headers/linux_include/linux/workqueue.h:9,
                 from core/drivers/gpu/drm/nouveau//dispnv50/disp.h:3,
                 from core/drivers/gpu/drm/nouveau//dispnv50/core.h:3,
                 from core/drivers/gpu/drm/nouveau//dispnv50/sor507d.c:22:
core/include/linux_headers/linux_include/linux/memcontrol.h: In function ‘mem_cgroup_under_socket_pressure’:
core/include/linux_headers/linux_include/linux/typecheck.h:12:18: warning: comparison of distinct pointer types lacks a cast
   12 |  (void)(&__dummy == &__dummy2); \
      |                  ^~
core/include/linux_headers/linux_include/linux/jiffies.h:141:3: note: in expansion of macro ‘typecheck’
  141 |   typecheck(unsigned long, b) && \
      |   ^~~~~~~~~
core/include/linux_headers/linux_include/linux/jiffies.h:143:26: note: in expansion of macro ‘time_after’
  143 | #define time_before(a,b) time_after(b,a)
      |                          ^~~~~~~~~~
core/include/linux_headers/linux_include/linux/memcontrol.h:1475:7: note: in expansion of macro ‘time_before’
 1475 |   if (time_before(jiffies, memcg->socket_pressure))
      |       ^~~~~~~~~~~
  CC      out/arm/core/drivers/gpu/drm/nouveau//dispnv50/cursc37a.o
In file included from core/include/linux_headers/linux_include/linux/spinlock.h:50,
                 from core/include/linux_headers/linux_include/drm/drm_crtc_helper.h:36,
                 from core/drivers/gpu/drm/nouveau//dispnv04/tvmodesnv17.c:27:
core/include/linux_headers/linux_include/linux/memcontrol.h: In function ‘mem_cgroup_under_socket_pressure’:
core/include/linux_headers/linux_include/linux/typecheck.h:12:18: warning: comparison of distinct pointer types lacks a cast
   12 |  (void)(&__dummy == &__dummy2); \
      |                  ^~
core/include/linux_headers/linux_include/linux/jiffies.h:141:3: note: in expansion of macro ‘typecheck’
  141 |   typecheck(unsigned long, b) && \
      |   ^~~~~~~~~
core/include/linux_headers/linux_include/linux/jiffies.h:143:26: note: in expansion of macro ‘time_after’
  143 | #define time_before(a,b) time_after(b,a)
      |                          ^~~~~~~~~~
core/include/linux_headers/linux_include/linux/memcontrol.h:1475:7: note: in expansion of macro ‘time_before’
 1475 |   if (time_before(jiffies, memcg->socket_pressure))
      |       ^~~~~~~~~~~
In file included from core/include/linux_headers/linux_include/linux/kernel.h:14,
                 from core/include/linux_headers/linux_include/linux/list.h:9,
                 from core/include/linux_headers/linux_include/linux/timer.h:5,
                 from core/include/linux_headers/linux_include/linux/workqueue.h:9,
                 from core/drivers/gpu/drm/nouveau//dispnv50/disp.h:3,
                 from core/drivers/gpu/drm/nouveau//dispnv50/wndw.h:4,
                 from core/drivers/gpu/drm/nouveau//dispnv50/base.h:3,
                 from core/drivers/gpu/drm/nouveau//dispnv50/base.c:22:
core/include/linux_headers/linux_include/linux/memcontrol.h: In function ‘mem_cgroup_under_socket_pressure’:
core/include/linux_headers/linux_include/linux/typecheck.h:12:18: warning: comparison of distinct pointer types lacks a cast
   12 |  (void)(&__dummy == &__dummy2); \
      |                  ^~
core/include/linux_headers/linux_include/linux/jiffies.h:141:3: note: in expansion of macro ‘typecheck’
  141 |   typecheck(unsigned long, b) && \
      |   ^~~~~~~~~
core/include/linux_headers/linux_include/linux/jiffies.h:143:26: note: in expansion of macro ‘time_after’
  143 | #define time_before(a,b) time_after(b,a)
      |                          ^~~~~~~~~~
core/include/linux_headers/linux_include/linux/memcontrol.h:1475:7: note: in expansion of macro ‘time_before’
 1475 |   if (time_before(jiffies, memcg->socket_pressure))
      |       ^~~~~~~~~~~
In file included from core/include/linux_headers/linux_include/linux/spinlock.h:50,
                 from core/include/linux_headers/linux_include/drm/drm_crtc_helper.h:36,
                 from core/drivers/gpu/drm/nouveau//dispnv04/disp.c:25:
core/include/linux_headers/linux_include/linux/memcontrol.h: In function ‘mem_cgroup_under_socket_pressure’:
core/include/linux_headers/linux_include/linux/typecheck.h:12:18: warning: comparison of distinct pointer types lacks a cast
   12 |  (void)(&__dummy == &__dummy2); \
      |                  ^~
core/include/linux_headers/linux_include/linux/jiffies.h:141:3: note: in expansion of macro ‘typecheck’
  141 |   typecheck(unsigned long, b) && \
      |   ^~~~~~~~~
core/include/linux_headers/linux_include/linux/jiffies.h:143:26: note: in expansion of macro ‘time_after’
  143 | #define time_before(a,b) time_after(b,a)
      |                          ^~~~~~~~~~
core/include/linux_headers/linux_include/linux/memcontrol.h:1475:7: note: in expansion of macro ‘time_before’
 1475 |   if (time_before(jiffies, memcg->socket_pressure))
      |       ^~~~~~~~~~~
In file included from core/include/linux_headers/linux_include/linux/kernel.h:14,
                 from core/include/linux_headers/linux_include/linux/list.h:9,
                 from core/include/linux_headers/linux_include/linux/timer.h:5,
                 from core/include/linux_headers/linux_include/linux/workqueue.h:9,
                 from core/drivers/gpu/drm/nouveau//dispnv50/disp.h:3,
                 from core/drivers/gpu/drm/nouveau//dispnv50/core.h:3,
                 from core/drivers/gpu/drm/nouveau//dispnv50/core917d.c:22:
core/include/linux_headers/linux_include/linux/memcontrol.h: In function ‘mem_cgroup_under_socket_pressure’:
core/include/linux_headers/linux_include/linux/typecheck.h:12:18: warning: comparison of distinct pointer types lacks a cast
   12 |  (void)(&__dummy == &__dummy2); \
      |                  ^~
core/include/linux_headers/linux_include/linux/jiffies.h:141:3: note: in expansion of macro ‘typecheck’
  141 |   typecheck(unsigned long, b) && \
      |   ^~~~~~~~~
core/include/linux_headers/linux_include/linux/jiffies.h:143:26: note: in expansion of macro ‘time_after’
  143 | #define time_before(a,b) time_after(b,a)
      |                          ^~~~~~~~~~
core/include/linux_headers/linux_include/linux/memcontrol.h:1475:7: note: in expansion of macro ‘time_before’
 1475 |   if (time_before(jiffies, memcg->socket_pressure))
      |       ^~~~~~~~~~~
  CC      out/arm/core/drivers/gpu/drm/nouveau//dispnv50/oimm.o
In file included from core/include/linux_headers/linux_include/linux/kernel.h:14,
                 from core/include/linux_headers/linux_include/linux/list.h:9,
                 from core/include/linux_headers/linux_include/linux/timer.h:5,
                 from core/include/linux_headers/linux_include/linux/workqueue.h:9,
                 from core/drivers/gpu/drm/nouveau//dispnv50/disp.h:3,
                 from core/drivers/gpu/drm/nouveau//dispnv50/core.h:3,
                 from core/drivers/gpu/drm/nouveau//dispnv50/core907d.c:22:
core/include/linux_headers/linux_include/linux/memcontrol.h: In function ‘mem_cgroup_under_socket_pressure’:
core/include/linux_headers/linux_include/linux/typecheck.h:12:18: warning: comparison of distinct pointer types lacks a cast
   12 |  (void)(&__dummy == &__dummy2); \
      |                  ^~
core/include/linux_headers/linux_include/linux/jiffies.h:141:3: note: in expansion of macro ‘typecheck’
  141 |   typecheck(unsigned long, b) && \
      |   ^~~~~~~~~
core/include/linux_headers/linux_include/linux/jiffies.h:143:26: note: in expansion of macro ‘time_after’
  143 | #define time_before(a,b) time_after(b,a)
      |                          ^~~~~~~~~~
core/include/linux_headers/linux_include/linux/memcontrol.h:1475:7: note: in expansion of macro ‘time_before’
 1475 |   if (time_before(jiffies, memcg->socket_pressure))
      |       ^~~~~~~~~~~
  CC      out/arm/core/drivers/gpu/drm/nouveau//dispnv50/oimm507b.o
In file included from core/include/linux_headers/linux_include/linux/kernel.h:14,
                 from core/include/linux_headers/linux_include/linux/list.h:9,
                 from core/include/linux_headers/linux_include/linux/timer.h:5,
                 from core/include/linux_headers/linux_include/linux/workqueue.h:9,
                 from core/drivers/gpu/drm/nouveau//dispnv50/disp.h:3,
                 from core/drivers/gpu/drm/nouveau//dispnv50/core.h:3,
                 from core/drivers/gpu/drm/nouveau//dispnv50/sor907d.c:22:
core/include/linux_headers/linux_include/linux/memcontrol.h: In function ‘mem_cgroup_under_socket_pressure’:
core/include/linux_headers/linux_include/linux/typecheck.h:12:18: warning: comparison of distinct pointer types lacks a cast
   12 |  (void)(&__dummy == &__dummy2); \
      |                  ^~
core/include/linux_headers/linux_include/linux/jiffies.h:141:3: note: in expansion of macro ‘typecheck’
  141 |   typecheck(unsigned long, b) && \
      |   ^~~~~~~~~
core/include/linux_headers/linux_include/linux/jiffies.h:143:26: note: in expansion of macro ‘time_after’
  143 | #define time_before(a,b) time_after(b,a)
      |                          ^~~~~~~~~~
core/include/linux_headers/linux_include/linux/memcontrol.h:1475:7: note: in expansion of macro ‘time_before’
 1475 |   if (time_before(jiffies, memcg->socket_pressure))
      |       ^~~~~~~~~~~
In file included from core/include/linux_headers/linux_include/linux/kernel.h:14,
                 from core/include/linux_headers/linux_include/linux/list.h:9,
                 from core/include/linux_headers/linux_include/linux/timer.h:5,
                 from core/include/linux_headers/linux_include/linux/workqueue.h:9,
                 from core/drivers/gpu/drm/nouveau//dispnv50/disp.h:3,
                 from core/drivers/gpu/drm/nouveau//dispnv50/core.h:3,
                 from core/drivers/gpu/drm/nouveau//dispnv50/corec57d.c:22:
core/include/linux_headers/linux_include/linux/memcontrol.h: In function ‘mem_cgroup_under_socket_pressure’:
core/include/linux_headers/linux_include/linux/typecheck.h:12:18: warning: comparison of distinct pointer types lacks a cast
   12 |  (void)(&__dummy == &__dummy2); \
      |                  ^~
core/include/linux_headers/linux_include/linux/jiffies.h:141:3: note: in expansion of macro ‘typecheck’
  141 |   typecheck(unsigned long, b) && \
      |   ^~~~~~~~~
core/include/linux_headers/linux_include/linux/jiffies.h:143:26: note: in expansion of macro ‘time_after’
  143 | #define time_before(a,b) time_after(b,a)
      |                          ^~~~~~~~~~
core/include/linux_headers/linux_include/linux/memcontrol.h:1475:7: note: in expansion of macro ‘time_before’
 1475 |   if (time_before(jiffies, memcg->socket_pressure))
      |       ^~~~~~~~~~~
In file included from core/include/linux_headers/linux_include/linux/kernel.h:14,
                 from core/include/linux_headers/linux_include/linux/list.h:9,
                 from core/include/linux_headers/linux_include/linux/timer.h:5,
                 from core/include/linux_headers/linux_include/linux/workqueue.h:9,
                 from core/drivers/gpu/drm/nouveau//dispnv50/disp.h:3,
                 from core/drivers/gpu/drm/nouveau//dispnv50/core.h:3,
                 from core/drivers/gpu/drm/nouveau//dispnv50/dac507d.c:22:
core/include/linux_headers/linux_include/linux/memcontrol.h: In function ‘mem_cgroup_under_socket_pressure’:
core/include/linux_headers/linux_include/linux/typecheck.h:12:18: warning: comparison of distinct pointer types lacks a cast
   12 |  (void)(&__dummy == &__dummy2); \
      |                  ^~
core/include/linux_headers/linux_include/linux/jiffies.h:141:3: note: in expansion of macro ‘typecheck’
  141 |   typecheck(unsigned long, b) && \
      |   ^~~~~~~~~
core/include/linux_headers/linux_include/linux/jiffies.h:143:26: note: in expansion of macro ‘time_after’
  143 | #define time_before(a,b) time_after(b,a)
      |                          ^~~~~~~~~~
core/include/linux_headers/linux_include/linux/memcontrol.h:1475:7: note: in expansion of macro ‘time_before’
 1475 |   if (time_before(jiffies, memcg->socket_pressure))
      |       ^~~~~~~~~~~
In file included from core/include/linux_headers/linux_include/linux/kernel.h:14,
                 from core/include/linux_headers/linux_include/linux/list.h:9,
                 from core/include/linux_headers/linux_include/linux/timer.h:5,
                 from core/include/linux_headers/linux_include/linux/workqueue.h:9,
                 from core/drivers/gpu/drm/nouveau//dispnv50/disp.h:3,
                 from core/drivers/gpu/drm/nouveau//dispnv50/core.h:3,
                 from core/drivers/gpu/drm/nouveau//dispnv50/core507d.c:22:
core/include/linux_headers/linux_include/linux/memcontrol.h: In function ‘mem_cgroup_under_socket_pressure’:
core/include/linux_headers/linux_include/linux/typecheck.h:12:18: warning: comparison of distinct pointer types lacks a cast
   12 |  (void)(&__dummy == &__dummy2); \
      |                  ^~
core/include/linux_headers/linux_include/linux/jiffies.h:141:3: note: in expansion of macro ‘typecheck’
  141 |   typecheck(unsigned long, b) && \
      |   ^~~~~~~~~
core/include/linux_headers/linux_include/linux/jiffies.h:143:26: note: in expansion of macro ‘time_after’
  143 | #define time_before(a,b) time_after(b,a)
      |                          ^~~~~~~~~~
core/include/linux_headers/linux_include/linux/memcontrol.h:1475:7: note: in expansion of macro ‘time_before’
 1475 |   if (time_before(jiffies, memcg->socket_pressure))
      |       ^~~~~~~~~~~
In file included from core/include/linux_headers/linux_include/linux/kernel.h:14,
                 from core/include/linux_headers/linux_include/linux/list.h:9,
                 from core/include/linux_headers/linux_include/linux/mutex.h:15,
                 from core/include/linux_headers/linux_include/linux/notifier.h:14,
                 from core/drivers/gpu/drm/nouveau/nouveau_drv.h:41,
                 from core/drivers/gpu/drm/nouveau//dispnv04/tvnv04.c:27:
core/include/linux_headers/linux_include/linux/memcontrol.h: In function ‘mem_cgroup_under_socket_pressure’:
core/include/linux_headers/linux_include/linux/typecheck.h:12:18: warning: comparison of distinct pointer types lacks a cast
   12 |  (void)(&__dummy == &__dummy2); \
      |                  ^~
core/include/linux_headers/linux_include/linux/jiffies.h:141:3: note: in expansion of macro ‘typecheck’
  141 |   typecheck(unsigned long, b) && \
      |   ^~~~~~~~~
core/include/linux_headers/linux_include/linux/jiffies.h:143:26: note: in expansion of macro ‘time_after’
  143 | #define time_before(a,b) time_after(b,a)
      |                          ^~~~~~~~~~
core/include/linux_headers/linux_include/linux/memcontrol.h:1475:7: note: in expansion of macro ‘time_before’
 1475 |   if (time_before(jiffies, memcg->socket_pressure))
      |       ^~~~~~~~~~~
In file included from core/include/linux_headers/linux_include/linux/kernel.h:14,
                 from core/include/linux_headers/linux_include/linux/list.h:9,
                 from core/include/linux_headers/linux_include/linux/timer.h:5,
                 from core/include/linux_headers/linux_include/linux/workqueue.h:9,
                 from core/drivers/gpu/drm/nouveau//dispnv50/head.h:4,
                 from core/drivers/gpu/drm/nouveau//dispnv50/head827d.c:22:
core/include/linux_headers/linux_include/linux/memcontrol.h: In function ‘mem_cgroup_under_socket_pressure’:
core/include/linux_headers/linux_include/linux/typecheck.h:12:18: warning: comparison of distinct pointer types lacks a cast
   12 |  (void)(&__dummy == &__dummy2); \
      |                  ^~
core/include/linux_headers/linux_include/linux/jiffies.h:141:3: note: in expansion of macro ‘typecheck’
  141 |   typecheck(unsigned long, b) && \
      |   ^~~~~~~~~
core/include/linux_headers/linux_include/linux/jiffies.h:143:26: note: in expansion of macro ‘time_after’
  143 | #define time_before(a,b) time_after(b,a)
      |                          ^~~~~~~~~~
core/include/linux_headers/linux_include/linux/memcontrol.h:1475:7: note: in expansion of macro ‘time_before’
 1475 |   if (time_before(jiffies, memcg->socket_pressure))
      |       ^~~~~~~~~~~
In file included from core/include/linux_headers/linux_include/linux/kernel.h:14,
                 from core/include/linux_headers/linux_include/linux/list.h:9,
                 from core/include/linux_headers/linux_include/linux/timer.h:5,
                 from core/include/linux_headers/linux_include/linux/workqueue.h:9,
                 from core/drivers/gpu/drm/nouveau//dispnv50/disp.h:3,
                 from core/drivers/gpu/drm/nouveau//dispnv50/wndw.h:4,
                 from core/drivers/gpu/drm/nouveau//dispnv50/wimm.h:3,
                 from core/drivers/gpu/drm/nouveau//dispnv50/wimmc37b.c:22:
core/include/linux_headers/linux_include/linux/memcontrol.h: In function ‘mem_cgroup_under_socket_pressure’:
core/include/linux_headers/linux_include/linux/typecheck.h:12:18: warning: comparison of distinct pointer types lacks a cast
   12 |  (void)(&__dummy == &__dummy2); \
      |                  ^~
core/include/linux_headers/linux_include/linux/jiffies.h:141:3: note: in expansion of macro ‘typecheck’
  141 |   typecheck(unsigned long, b) && \
      |   ^~~~~~~~~
core/include/linux_headers/linux_include/linux/jiffies.h:143:26: note: in expansion of macro ‘time_after’
  143 | #define time_before(a,b) time_after(b,a)
      |                          ^~~~~~~~~~
core/include/linux_headers/linux_include/linux/memcontrol.h:1475:7: note: in expansion of macro ‘time_before’
 1475 |   if (time_before(jiffies, memcg->socket_pressure))
      |       ^~~~~~~~~~~
In file included from core/include/linux_headers/linux_include/linux/kernel.h:14,
                 from core/include/linux_headers/linux_include/linux/list.h:9,
                 from core/include/linux_headers/linux_include/linux/timer.h:5,
                 from core/include/linux_headers/linux_include/linux/workqueue.h:9,
                 from core/drivers/gpu/drm/nouveau//dispnv50/head.h:4,
                 from core/drivers/gpu/drm/nouveau//dispnv50/head917d.c:22:
core/include/linux_headers/linux_include/linux/memcontrol.h: In function ‘mem_cgroup_under_socket_pressure’:
core/include/linux_headers/linux_include/linux/typecheck.h:12:18: warning: comparison of distinct pointer types lacks a cast
   12 |  (void)(&__dummy == &__dummy2); \
      |                  ^~
core/include/linux_headers/linux_include/linux/jiffies.h:141:3: note: in expansion of macro ‘typecheck’
  141 |   typecheck(unsigned long, b) && \
      |   ^~~~~~~~~
core/include/linux_headers/linux_include/linux/jiffies.h:143:26: note: in expansion of macro ‘time_after’
  143 | #define time_before(a,b) time_after(b,a)
      |                          ^~~~~~~~~~
core/include/linux_headers/linux_include/linux/memcontrol.h:1475:7: note: in expansion of macro ‘time_before’
 1475 |   if (time_before(jiffies, memcg->socket_pressure))
      |       ^~~~~~~~~~~
In file included from core/include/linux_headers/linux_include/linux/kernel.h:14,
                 from core/include/linux_headers/linux_include/linux/list.h:9,
                 from core/include/linux_headers/linux_include/linux/timer.h:5,
                 from core/include/linux_headers/linux_include/linux/workqueue.h:9,
                 from core/drivers/gpu/drm/nouveau//dispnv50/disp.h:3,
                 from core/drivers/gpu/drm/nouveau//dispnv50/core.h:3,
                 from core/drivers/gpu/drm/nouveau//dispnv50/corec37d.c:22:
core/include/linux_headers/linux_include/linux/memcontrol.h: In function ‘mem_cgroup_under_socket_pressure’:
core/include/linux_headers/linux_include/linux/typecheck.h:12:18: warning: comparison of distinct pointer types lacks a cast
   12 |  (void)(&__dummy == &__dummy2); \
      |                  ^~
core/include/linux_headers/linux_include/linux/jiffies.h:141:3: note: in expansion of macro ‘typecheck’
  141 |   typecheck(unsigned long, b) && \
      |   ^~~~~~~~~
core/include/linux_headers/linux_include/linux/jiffies.h:143:26: note: in expansion of macro ‘time_after’
  143 | #define time_before(a,b) time_after(b,a)
      |                          ^~~~~~~~~~
core/include/linux_headers/linux_include/linux/memcontrol.h:1475:7: note: in expansion of macro ‘time_before’
 1475 |   if (time_before(jiffies, memcg->socket_pressure))
      |       ^~~~~~~~~~~
In file included from core/include/linux_headers/linux_include/linux/kernel.h:14,
                 from core/include/linux_headers/linux_include/linux/list.h:9,
                 from core/include/linux_headers/linux_include/linux/timer.h:5,
                 from core/include/linux_headers/linux_include/linux/workqueue.h:9,
                 from core/drivers/gpu/drm/nouveau//dispnv50/disp.h:3,
                 from core/drivers/gpu/drm/nouveau//dispnv50/core.h:3,
                 from core/drivers/gpu/drm/nouveau//dispnv50/sorc37d.c:22:
core/include/linux_headers/linux_include/linux/memcontrol.h: In function ‘mem_cgroup_under_socket_pressure’:
core/include/linux_headers/linux_include/linux/typecheck.h:12:18: warning: comparison of distinct pointer types lacks a cast
   12 |  (void)(&__dummy == &__dummy2); \
      |                  ^~
core/include/linux_headers/linux_include/linux/jiffies.h:141:3: note: in expansion of macro ‘typecheck’
  141 |   typecheck(unsigned long, b) && \
      |   ^~~~~~~~~
core/include/linux_headers/linux_include/linux/jiffies.h:143:26: note: in expansion of macro ‘time_after’
  143 | #define time_before(a,b) time_after(b,a)
      |                          ^~~~~~~~~~
core/include/linux_headers/linux_include/linux/memcontrol.h:1475:7: note: in expansion of macro ‘time_before’
 1475 |   if (time_before(jiffies, memcg->socket_pressure))
      |       ^~~~~~~~~~~
In file included from core/include/linux_headers/linux_include/linux/kernel.h:14,
                 from core/include/linux_headers/linux_include/linux/list.h:9,
                 from core/include/linux_headers/linux_include/linux/timer.h:5,
                 from core/include/linux_headers/linux_include/linux/workqueue.h:9,
                 from core/drivers/gpu/drm/nouveau//dispnv50/disp.h:3,
                 from core/drivers/gpu/drm/nouveau//dispnv50/wndw.h:4,
                 from core/drivers/gpu/drm/nouveau//dispnv50/wimm.h:3,
                 from core/drivers/gpu/drm/nouveau//dispnv50/wimm.c:22:
core/include/linux_headers/linux_include/linux/memcontrol.h: In function ‘mem_cgroup_under_socket_pressure’:
core/include/linux_headers/linux_include/linux/typecheck.h:12:18: warning: comparison of distinct pointer types lacks a cast
   12 |  (void)(&__dummy == &__dummy2); \
      |                  ^~
core/include/linux_headers/linux_include/linux/jiffies.h:141:3: note: in expansion of macro ‘typecheck’
  141 |   typecheck(unsigned long, b) && \
      |   ^~~~~~~~~
core/include/linux_headers/linux_include/linux/jiffies.h:143:26: note: in expansion of macro ‘time_after’
  143 | #define time_before(a,b) time_after(b,a)
      |                          ^~~~~~~~~~
core/include/linux_headers/linux_include/linux/memcontrol.h:1475:7: note: in expansion of macro ‘time_before’
 1475 |   if (time_before(jiffies, memcg->socket_pressure))
      |       ^~~~~~~~~~~
  CC      out/arm/core/drivers/gpu/drm/nouveau//dispnv50/ovly.o
In file included from core/include/linux_headers/linux_include/linux/spinlock.h:50,
                 from core/include/linux_headers/linux_include/drm/drm_crtc_helper.h:36,
                 from core/drivers/gpu/drm/nouveau//dispnv04/dfp.c:27:
core/include/linux_headers/linux_include/linux/memcontrol.h: In function ‘mem_cgroup_under_socket_pressure’:
core/include/linux_headers/linux_include/linux/typecheck.h:12:18: warning: comparison of distinct pointer types lacks a cast
   12 |  (void)(&__dummy == &__dummy2); \
      |                  ^~
core/include/linux_headers/linux_include/linux/jiffies.h:141:3: note: in expansion of macro ‘typecheck’
  141 |   typecheck(unsigned long, b) && \
      |   ^~~~~~~~~
core/include/linux_headers/linux_include/linux/jiffies.h:143:26: note: in expansion of macro ‘time_after’
  143 | #define time_before(a,b) time_after(b,a)
      |                          ^~~~~~~~~~
core/include/linux_headers/linux_include/linux/memcontrol.h:1475:7: note: in expansion of macro ‘time_before’
 1475 |   if (time_before(jiffies, memcg->socket_pressure))
      |       ^~~~~~~~~~~
In file included from core/include/linux_headers/linux_include/linux/kernel.h:14,
                 from core/include/linux_headers/linux_include/linux/list.h:9,
                 from core/include/linux_headers/linux_include/linux/timer.h:5,
                 from core/include/linux_headers/linux_include/linux/workqueue.h:9,
                 from core/drivers/gpu/drm/nouveau//dispnv50/head.h:4,
                 from core/drivers/gpu/drm/nouveau//dispnv50/head507d.c:22:
core/include/linux_headers/linux_include/linux/memcontrol.h: In function ‘mem_cgroup_under_socket_pressure’:
core/include/linux_headers/linux_include/linux/typecheck.h:12:18: warning: comparison of distinct pointer types lacks a cast
   12 |  (void)(&__dummy == &__dummy2); \
      |                  ^~
core/include/linux_headers/linux_include/linux/jiffies.h:141:3: note: in expansion of macro ‘typecheck’
  141 |   typecheck(unsigned long, b) && \
      |   ^~~~~~~~~
core/include/linux_headers/linux_include/linux/jiffies.h:143:26: note: in expansion of macro ‘time_after’
  143 | #define time_before(a,b) time_after(b,a)
      |                          ^~~~~~~~~~
core/include/linux_headers/linux_include/linux/memcontrol.h:1475:7: note: in expansion of macro ‘time_before’
 1475 |   if (time_before(jiffies, memcg->socket_pressure))
      |       ^~~~~~~~~~~
In file included from core/include/linux_headers/linux_include/linux/spinlock.h:50,
                 from core/include/linux_headers/linux_include/drm/drm_crtc_helper.h:36,
                 from core/drivers/gpu/drm/nouveau//dispnv04/tvnv17.c:27:
core/include/linux_headers/linux_include/linux/memcontrol.h: In function ‘mem_cgroup_under_socket_pressure’:
core/include/linux_headers/linux_include/linux/typecheck.h:12:18: warning: comparison of distinct pointer types lacks a cast
   12 |  (void)(&__dummy == &__dummy2); \
      |                  ^~
core/include/linux_headers/linux_include/linux/jiffies.h:141:3: note: in expansion of macro ‘typecheck’
  141 |   typecheck(unsigned long, b) && \
      |   ^~~~~~~~~
core/include/linux_headers/linux_include/linux/jiffies.h:143:26: note: in expansion of macro ‘time_after’
  143 | #define time_before(a,b) time_after(b,a)
      |                          ^~~~~~~~~~
core/include/linux_headers/linux_include/linux/memcontrol.h:1475:7: note: in expansion of macro ‘time_before’
 1475 |   if (time_before(jiffies, memcg->socket_pressure))
      |       ^~~~~~~~~~~
In file included from core/include/linux_headers/linux_include/linux/kernel.h:14,
                 from core/include/linux_headers/linux_include/linux/list.h:9,
                 from core/include/linux_headers/linux_include/linux/kobject.h:19,
                 from core/include/linux_headers/linux_include/linux/of.h:17,
                 from core/include/linux_headers/linux_include/linux/irqdomain.h:35,
                 from core/include/linux_headers/linux_include/linux/acpi.h:13,
                 from core/include/linux_headers/linux_include/linux/i2c.h:13,
                 from core/include/linux_headers/linux_include/drm/drm_crtc.h:28,
                 from core/drivers/gpu/drm/nouveau//dispnv04/overlay.c:26:
core/include/linux_headers/linux_include/linux/memcontrol.h: In function ‘mem_cgroup_under_socket_pressure’:
core/include/linux_headers/linux_include/linux/typecheck.h:12:18: warning: comparison of distinct pointer types lacks a cast
   12 |  (void)(&__dummy == &__dummy2); \
      |                  ^~
core/include/linux_headers/linux_include/linux/jiffies.h:141:3: note: in expansion of macro ‘typecheck’
  141 |   typecheck(unsigned long, b) && \
      |   ^~~~~~~~~
core/include/linux_headers/linux_include/linux/jiffies.h:143:26: note: in expansion of macro ‘time_after’
  143 | #define time_before(a,b) time_after(b,a)
      |                          ^~~~~~~~~~
core/include/linux_headers/linux_include/linux/memcontrol.h:1475:7: note: in expansion of macro ‘time_before’
 1475 |   if (time_before(jiffies, memcg->socket_pressure))
      |       ^~~~~~~~~~~
  CC      out/arm/core/drivers/gpu/drm/nouveau//dispnv50/ovly507e.o
In file included from core/include/linux_headers/linux_include/linux/kernel.h:14,
                 from core/include/linux_headers/linux_include/linux/list.h:9,
                 from core/include/linux_headers/linux_include/linux/timer.h:5,
                 from core/include/linux_headers/linux_include/linux/workqueue.h:9,
                 from core/drivers/gpu/drm/nouveau//dispnv50/disp.h:3,
                 from core/drivers/gpu/drm/nouveau//dispnv50/wndw.h:4,
                 from core/drivers/gpu/drm/nouveau//dispnv50/wndwc57e.c:22:
core/include/linux_headers/linux_include/linux/memcontrol.h: In function ‘mem_cgroup_under_socket_pressure’:
core/include/linux_headers/linux_include/linux/typecheck.h:12:18: warning: comparison of distinct pointer types lacks a cast
   12 |  (void)(&__dummy == &__dummy2); \
      |                  ^~
core/include/linux_headers/linux_include/linux/jiffies.h:141:3: note: in expansion of macro ‘typecheck’
  141 |   typecheck(unsigned long, b) && \
      |   ^~~~~~~~~
core/include/linux_headers/linux_include/linux/jiffies.h:143:26: note: in expansion of macro ‘time_after’
  143 | #define time_before(a,b) time_after(b,a)
      |                          ^~~~~~~~~~
core/include/linux_headers/linux_include/linux/memcontrol.h:1475:7: note: in expansion of macro ‘time_before’
 1475 |   if (time_before(jiffies, memcg->socket_pressure))
      |       ^~~~~~~~~~~
  CC      out/arm/core/drivers/gpu/drm/nouveau//dispnv50/ovly827e.o
In file included from core/include/linux_headers/linux_include/linux/spinlock.h:50,
                 from core/include/linux_headers/linux_include/drm/drm_crtc_helper.h:36,
                 from core/drivers/gpu/drm/nouveau//dispnv04/dac.c:27:
core/include/linux_headers/linux_include/linux/memcontrol.h: In function ‘mem_cgroup_under_socket_pressure’:
core/include/linux_headers/linux_include/linux/typecheck.h:12:18: warning: comparison of distinct pointer types lacks a cast
   12 |  (void)(&__dummy == &__dummy2); \
      |                  ^~
core/include/linux_headers/linux_include/linux/jiffies.h:141:3: note: in expansion of macro ‘typecheck’
  141 |   typecheck(unsigned long, b) && \
      |   ^~~~~~~~~
core/include/linux_headers/linux_include/linux/jiffies.h:143:26: note: in expansion of macro ‘time_after’
  143 | #define time_before(a,b) time_after(b,a)
      |                          ^~~~~~~~~~
core/include/linux_headers/linux_include/linux/memcontrol.h:1475:7: note: in expansion of macro ‘time_before’
 1475 |   if (time_before(jiffies, memcg->socket_pressure))
      |       ^~~~~~~~~~~
In file included from core/include/linux_headers/linux_include/linux/kernel.h:14,
                 from core/include/linux_headers/linux_include/linux/list.h:9,
                 from core/include/linux_headers/linux_include/linux/timer.h:5,
                 from core/include/linux_headers/linux_include/linux/workqueue.h:9,
                 from core/drivers/gpu/drm/nouveau//dispnv50/head.h:4,
                 from core/drivers/gpu/drm/nouveau//dispnv50/head.c:22:
core/include/linux_headers/linux_include/linux/memcontrol.h: In function ‘mem_cgroup_under_socket_pressure’:
core/include/linux_headers/linux_include/linux/typecheck.h:12:18: warning: comparison of distinct pointer types lacks a cast
   12 |  (void)(&__dummy == &__dummy2); \
      |                  ^~
core/include/linux_headers/linux_include/linux/jiffies.h:141:3: note: in expansion of macro ‘typecheck’
  141 |   typecheck(unsigned long, b) && \
      |   ^~~~~~~~~
core/include/linux_headers/linux_include/linux/jiffies.h:143:26: note: in expansion of macro ‘time_after’
  143 | #define time_before(a,b) time_after(b,a)
      |                          ^~~~~~~~~~
core/include/linux_headers/linux_include/linux/memcontrol.h:1475:7: note: in expansion of macro ‘time_before’
 1475 |   if (time_before(jiffies, memcg->socket_pressure))
      |       ^~~~~~~~~~~
In file included from core/include/linux_headers/linux_include/linux/kernel.h:14,
                 from core/include/linux_headers/linux_include/linux/list.h:9,
                 from core/include/linux_headers/linux_include/linux/timer.h:5,
                 from core/include/linux_headers/linux_include/linux/workqueue.h:9,
                 from core/drivers/gpu/drm/nouveau//dispnv50/disp.h:3,
                 from core/drivers/gpu/drm/nouveau//dispnv50/wndw.h:4,
                 from core/drivers/gpu/drm/nouveau//dispnv50/base.h:3,
                 from core/drivers/gpu/drm/nouveau//dispnv50/base507c.c:22:
core/include/linux_headers/linux_include/linux/memcontrol.h: In function ‘mem_cgroup_under_socket_pressure’:
core/include/linux_headers/linux_include/linux/typecheck.h:12:18: warning: comparison of distinct pointer types lacks a cast
   12 |  (void)(&__dummy == &__dummy2); \
      |                  ^~
core/include/linux_headers/linux_include/linux/jiffies.h:141:3: note: in expansion of macro ‘typecheck’
  141 |   typecheck(unsigned long, b) && \
      |   ^~~~~~~~~
core/include/linux_headers/linux_include/linux/jiffies.h:143:26: note: in expansion of macro ‘time_after’
  143 | #define time_before(a,b) time_after(b,a)
      |                          ^~~~~~~~~~
core/include/linux_headers/linux_include/linux/memcontrol.h:1475:7: note: in expansion of macro ‘time_before’
 1475 |   if (time_before(jiffies, memcg->socket_pressure))
      |       ^~~~~~~~~~~
In file included from core/include/linux_headers/linux_include/linux/kernel.h:14,
                 from core/include/linux_headers/linux_include/linux/list.h:9,
                 from core/include/linux_headers/linux_include/linux/timer.h:5,
                 from core/include/linux_headers/linux_include/linux/workqueue.h:9,
                 from core/drivers/gpu/drm/nouveau//dispnv50/head.h:4,
                 from core/drivers/gpu/drm/nouveau//dispnv50/headc57d.c:22:
core/include/linux_headers/linux_include/linux/memcontrol.h: In function ‘mem_cgroup_under_socket_pressure’:
core/include/linux_headers/linux_include/linux/typecheck.h:12:18: warning: comparison of distinct pointer types lacks a cast
   12 |  (void)(&__dummy == &__dummy2); \
      |                  ^~
core/include/linux_headers/linux_include/linux/jiffies.h:141:3: note: in expansion of macro ‘typecheck’
  141 |   typecheck(unsigned long, b) && \
      |   ^~~~~~~~~
core/include/linux_headers/linux_include/linux/jiffies.h:143:26: note: in expansion of macro ‘time_after’
  143 | #define time_before(a,b) time_after(b,a)
      |                          ^~~~~~~~~~
core/include/linux_headers/linux_include/linux/memcontrol.h:1475:7: note: in expansion of macro ‘time_before’
 1475 |   if (time_before(jiffies, memcg->socket_pressure))
      |       ^~~~~~~~~~~
  CC      out/arm/core/drivers/gpu/drm/nouveau//dispnv50/ovly907e.o
In file included from core/include/linux_headers/linux_include/linux/kernel.h:14,
                 from core/include/linux_headers/linux_include/linux/list.h:9,
                 from core/include/linux_headers/linux_include/drm/drm_connector.h:26,
                 from core/drivers/gpu/drm/nouveau//dispnv50/head907d.c:22:
core/include/linux_headers/linux_include/linux/memcontrol.h: In function ‘mem_cgroup_under_socket_pressure’:
core/include/linux_headers/linux_include/linux/typecheck.h:12:18: warning: comparison of distinct pointer types lacks a cast
   12 |  (void)(&__dummy == &__dummy2); \
      |                  ^~
core/include/linux_headers/linux_include/linux/jiffies.h:141:3: note: in expansion of macro ‘typecheck’
  141 |   typecheck(unsigned long, b) && \
      |   ^~~~~~~~~
core/include/linux_headers/linux_include/linux/jiffies.h:143:26: note: in expansion of macro ‘time_after’
  143 | #define time_before(a,b) time_after(b,a)
      |                          ^~~~~~~~~~
core/include/linux_headers/linux_include/linux/memcontrol.h:1475:7: note: in expansion of macro ‘time_before’
 1475 |   if (time_before(jiffies, memcg->socket_pressure))
      |       ^~~~~~~~~~~
In file included from core/include/linux_headers/linux_include/linux/kernel.h:14,
                 from core/include/linux_headers/linux_include/linux/list.h:9,
                 from core/include/linux_headers/linux_include/linux/mutex.h:15,
                 from core/include/linux_headers/linux_include/linux/notifier.h:14,
                 from core/drivers/gpu/drm/nouveau/nouveau_drv.h:41,
                 from core/drivers/gpu/drm/nouveau//dispnv04/hw.c:25:
core/include/linux_headers/linux_include/linux/memcontrol.h: In function ‘mem_cgroup_under_socket_pressure’:
core/include/linux_headers/linux_include/linux/typecheck.h:12:18: warning: comparison of distinct pointer types lacks a cast
   12 |  (void)(&__dummy == &__dummy2); \
      |                  ^~
core/include/linux_headers/linux_include/linux/jiffies.h:141:3: note: in expansion of macro ‘typecheck’
  141 |   typecheck(unsigned long, b) && \
      |   ^~~~~~~~~
core/include/linux_headers/linux_include/linux/jiffies.h:143:26: note: in expansion of macro ‘time_after’
  143 | #define time_before(a,b) time_after(b,a)
      |                          ^~~~~~~~~~
core/include/linux_headers/linux_include/linux/memcontrol.h:1475:7: note: in expansion of macro ‘time_before’
 1475 |   if (time_before(jiffies, memcg->socket_pressure))
      |       ^~~~~~~~~~~
In file included from core/include/linux_headers/linux_include/linux/kernel.h:14,
                 from core/include/linux_headers/linux_include/linux/list.h:9,
                 from core/include/linux_headers/linux_include/linux/timer.h:5,
                 from core/include/linux_headers/linux_include/linux/workqueue.h:9,
                 from core/drivers/gpu/drm/nouveau//dispnv50/disp.h:3,
                 from core/drivers/gpu/drm/nouveau//dispnv50/wndw.h:4,
                 from core/drivers/gpu/drm/nouveau//dispnv50/wndwc37e.c:22:
core/include/linux_headers/linux_include/linux/memcontrol.h: In function ‘mem_cgroup_under_socket_pressure’:
core/include/linux_headers/linux_include/linux/typecheck.h:12:18: warning: comparison of distinct pointer types lacks a cast
   12 |  (void)(&__dummy == &__dummy2); \
      |                  ^~
core/include/linux_headers/linux_include/linux/jiffies.h:141:3: note: in expansion of macro ‘typecheck’
  141 |   typecheck(unsigned long, b) && \
      |   ^~~~~~~~~
core/include/linux_headers/linux_include/linux/jiffies.h:143:26: note: in expansion of macro ‘time_after’
  143 | #define time_before(a,b) time_after(b,a)
      |                          ^~~~~~~~~~
core/include/linux_headers/linux_include/linux/memcontrol.h:1475:7: note: in expansion of macro ‘time_before’
 1475 |   if (time_before(jiffies, memcg->socket_pressure))
      |       ^~~~~~~~~~~
  CC      out/arm/core/drivers/gpu/drm/nouveau//dispnv50/ovly917e.o
  CC      out/arm/core/drivers/dma/mapping.o
  CC      out/arm/core/drivers/dma/direct.o
In file included from core/include/linux_headers/linux_include/linux/kernel.h:14,
                 from core/include/linux_headers/linux_include/linux/list.h:9,
                 from core/include/linux_headers/linux_include/linux/timer.h:5,
                 from core/include/linux_headers/linux_include/linux/workqueue.h:9,
                 from core/drivers/gpu/drm/nouveau//dispnv50/head.h:4,
                 from core/drivers/gpu/drm/nouveau//dispnv50/headc37d.c:22:
core/include/linux_headers/linux_include/linux/memcontrol.h: In function ‘mem_cgroup_under_socket_pressure’:
core/include/linux_headers/linux_include/linux/typecheck.h:12:18: warning: comparison of distinct pointer types lacks a cast
   12 |  (void)(&__dummy == &__dummy2); \
      |                  ^~
core/include/linux_headers/linux_include/linux/jiffies.h:141:3: note: in expansion of macro ‘typecheck’
  141 |   typecheck(unsigned long, b) && \
      |   ^~~~~~~~~
core/include/linux_headers/linux_include/linux/jiffies.h:143:26: note: in expansion of macro ‘time_after’
  143 | #define time_before(a,b) time_after(b,a)
      |                          ^~~~~~~~~~
core/include/linux_headers/linux_include/linux/memcontrol.h:1475:7: note: in expansion of macro ‘time_before’
 1475 |   if (time_before(jiffies, memcg->socket_pressure))
      |       ^~~~~~~~~~~
In file included from core/include/linux_headers/linux_include/linux/kernel.h:14,
                 from core/include/linux_headers/linux_include/linux/list.h:9,
                 from core/include/linux_headers/linux_include/linux/timer.h:5,
                 from core/include/linux_headers/linux_include/linux/workqueue.h:9,
                 from core/drivers/gpu/drm/nouveau//dispnv50/disp.h:3,
                 from core/drivers/gpu/drm/nouveau//dispnv50/wndw.h:4,
                 from core/drivers/gpu/drm/nouveau//dispnv50/base.h:3,
                 from core/drivers/gpu/drm/nouveau//dispnv50/base827c.c:22:
core/include/linux_headers/linux_include/linux/memcontrol.h: In function ‘mem_cgroup_under_socket_pressure’:
core/include/linux_headers/linux_include/linux/typecheck.h:12:18: warning: comparison of distinct pointer types lacks a cast
   12 |  (void)(&__dummy == &__dummy2); \
      |                  ^~
core/include/linux_headers/linux_include/linux/jiffies.h:141:3: note: in expansion of macro ‘typecheck’
  141 |   typecheck(unsigned long, b) && \
      |   ^~~~~~~~~
core/include/linux_headers/linux_include/linux/jiffies.h:143:26: note: in expansion of macro ‘time_after’
  143 | #define time_before(a,b) time_after(b,a)
      |                          ^~~~~~~~~~
core/include/linux_headers/linux_include/linux/memcontrol.h:1475:7: note: in expansion of macro ‘time_before’
 1475 |   if (time_before(jiffies, memcg->socket_pressure))
      |       ^~~~~~~~~~~
  CC      out/arm/core/drivers/dma/dummy.o
  CC      out/arm/core/drivers/dma/coherent.o
  CC      out/arm/core/drivers/dma/swiotlb.o
  CC      out/arm/core/drivers/dma/pool.o
  CC      out/arm/core/drivers/dma/remap.o
In file included from core/include/linux_headers/linux_include/linux/spinlock.h:50,
                 from core/include/linux_headers/linux_include/drm/drm_crtc_helper.h:36,
                 from core/drivers/gpu/drm/nouveau//dispnv04/crtc.c:25:
core/include/linux_headers/linux_include/linux/memcontrol.h: In function ‘mem_cgroup_under_socket_pressure’:
core/include/linux_headers/linux_include/linux/typecheck.h:12:18: warning: comparison of distinct pointer types lacks a cast
   12 |  (void)(&__dummy == &__dummy2); \
      |                  ^~
core/include/linux_headers/linux_include/linux/jiffies.h:141:3: note: in expansion of macro ‘typecheck’
  141 |   typecheck(unsigned long, b) && \
      |   ^~~~~~~~~
core/include/linux_headers/linux_include/linux/jiffies.h:143:26: note: in expansion of macro ‘time_after’
  143 | #define time_before(a,b) time_after(b,a)
      |                          ^~~~~~~~~~
core/include/linux_headers/linux_include/linux/memcontrol.h:1475:7: note: in expansion of macro ‘time_before’
 1475 |   if (time_before(jiffies, memcg->socket_pressure))
      |       ^~~~~~~~~~~
  CC      out/arm/core/drivers/dma-buf/dma-buf.o
  CC      out/arm/core/drivers/dma-buf/seqno-fence.o
  CC      out/arm/core/tee/tee_pfn.o
  CC      out/arm/core/tee/tee_wq.o
In file included from core/include/linux_headers/linux_include/linux/kernel.h:14,
                 from core/include/linux_headers/linux_include/linux/list.h:9,
                 from core/include/linux_headers/linux_include/linux/timer.h:5,
                 from core/include/linux_headers/linux_include/linux/workqueue.h:9,
                 from core/drivers/gpu/drm/nouveau//dispnv50/disp.h:3,
                 from core/drivers/gpu/drm/nouveau//dispnv50/wndw.h:4,
                 from core/drivers/gpu/drm/nouveau//dispnv50/wndw.c:22:
core/include/linux_headers/linux_include/linux/memcontrol.h: In function ‘mem_cgroup_under_socket_pressure’:
core/include/linux_headers/linux_include/linux/typecheck.h:12:18: warning: comparison of distinct pointer types lacks a cast
   12 |  (void)(&__dummy == &__dummy2); \
      |                  ^~
core/include/linux_headers/linux_include/linux/jiffies.h:141:3: note: in expansion of macro ‘typecheck’
  141 |   typecheck(unsigned long, b) && \
      |   ^~~~~~~~~
core/include/linux_headers/linux_include/linux/jiffies.h:143:26: note: in expansion of macro ‘time_after’
  143 | #define time_before(a,b) time_after(b,a)
      |                          ^~~~~~~~~~
core/include/linux_headers/linux_include/linux/memcontrol.h:1475:7: note: in expansion of macro ‘time_before’
 1475 |   if (time_before(jiffies, memcg->socket_pressure))
      |       ^~~~~~~~~~~
In file included from core/include/linux_headers/linux_include/linux/kernel.h:14,
                 from core/include/linux_headers/linux_include/linux/list.h:9,
                 from core/include/linux_headers/linux_include/linux/timer.h:5,
                 from core/include/linux_headers/linux_include/linux/workqueue.h:9,
                 from core/drivers/gpu/drm/nouveau//dispnv50/disp.h:3,
                 from core/drivers/gpu/drm/nouveau//dispnv50/disp.c:24:
core/include/linux_headers/linux_include/linux/memcontrol.h: In function ‘mem_cgroup_under_socket_pressure’:
core/include/linux_headers/linux_include/linux/typecheck.h:12:18: warning: comparison of distinct pointer types lacks a cast
   12 |  (void)(&__dummy == &__dummy2); \
      |                  ^~
core/include/linux_headers/linux_include/linux/jiffies.h:141:3: note: in expansion of macro ‘typecheck’
  141 |   typecheck(unsigned long, b) && \
      |   ^~~~~~~~~
core/include/linux_headers/linux_include/linux/jiffies.h:143:26: note: in expansion of macro ‘time_after’
  143 | #define time_before(a,b) time_after(b,a)
      |                          ^~~~~~~~~~
core/include/linux_headers/linux_include/linux/memcontrol.h:1475:7: note: in expansion of macro ‘time_before’
 1475 |   if (time_before(jiffies, memcg->socket_pressure))
      |       ^~~~~~~~~~~
In file included from core/include/linux_headers/linux_include/linux/kernel.h:14,
                 from core/include/linux_headers/linux_include/linux/list.h:9,
                 from core/include/linux_headers/linux_include/linux/timer.h:5,
                 from core/include/linux_headers/linux_include/linux/workqueue.h:9,
                 from core/drivers/gpu/drm/nouveau//dispnv50/disp.h:3,
                 from core/drivers/gpu/drm/nouveau//dispnv50/wndw.h:4,
                 from core/drivers/gpu/drm/nouveau//dispnv50/curs.h:3,
                 from core/drivers/gpu/drm/nouveau//dispnv50/curs507a.c:22:
core/include/linux_headers/linux_include/linux/memcontrol.h: In function ‘mem_cgroup_under_socket_pressure’:
core/include/linux_headers/linux_include/linux/typecheck.h:12:18: warning: comparison of distinct pointer types lacks a cast
   12 |  (void)(&__dummy == &__dummy2); \
      |                  ^~
core/include/linux_headers/linux_include/linux/jiffies.h:141:3: note: in expansion of macro ‘typecheck’
  141 |   typecheck(unsigned long, b) && \
      |   ^~~~~~~~~
core/include/linux_headers/linux_include/linux/jiffies.h:143:26: note: in expansion of macro ‘time_after’
  143 | #define time_before(a,b) time_after(b,a)
      |                          ^~~~~~~~~~
core/include/linux_headers/linux_include/linux/memcontrol.h:1475:7: note: in expansion of macro ‘time_before’
 1475 |   if (time_before(jiffies, memcg->socket_pressure))
      |       ^~~~~~~~~~~
In file included from core/include/linux_headers/linux_include/linux/kernel.h:14,
                 from core/include/linux_headers/linux_include/linux/list.h:9,
                 from core/include/linux_headers/linux_include/linux/timer.h:5,
                 from core/include/linux_headers/linux_include/linux/workqueue.h:9,
                 from core/drivers/gpu/drm/nouveau//dispnv50/disp.h:3,
                 from core/drivers/gpu/drm/nouveau//dispnv50/wndw.h:4,
                 from core/drivers/gpu/drm/nouveau//dispnv50/base.h:3,
                 from core/drivers/gpu/drm/nouveau//dispnv50/base907c.c:22:
core/include/linux_headers/linux_include/linux/memcontrol.h: In function ‘mem_cgroup_under_socket_pressure’:
core/include/linux_headers/linux_include/linux/typecheck.h:12:18: warning: comparison of distinct pointer types lacks a cast
   12 |  (void)(&__dummy == &__dummy2); \
      |                  ^~
core/include/linux_headers/linux_include/linux/jiffies.h:141:3: note: in expansion of macro ‘typecheck’
  141 |   typecheck(unsigned long, b) && \
      |   ^~~~~~~~~
core/include/linux_headers/linux_include/linux/jiffies.h:143:26: note: in expansion of macro ‘time_after’
  143 | #define time_before(a,b) time_after(b,a)
      |                          ^~~~~~~~~~
core/include/linux_headers/linux_include/linux/memcontrol.h:1475:7: note: in expansion of macro ‘time_before’
 1475 |   if (time_before(jiffies, memcg->socket_pressure))
      |       ^~~~~~~~~~~
In file included from core/include/linux_headers/linux_include/linux/kernel.h:14,
                 from core/include/linux_headers/linux_include/linux/list.h:9,
                 from core/include/linux_headers/linux_include/linux/timer.h:5,
                 from core/include/linux_headers/linux_include/linux/workqueue.h:9,
                 from core/drivers/gpu/drm/nouveau//dispnv50/disp.h:3,
                 from core/drivers/gpu/drm/nouveau//dispnv50/wndw.h:4,
                 from core/drivers/gpu/drm/nouveau//dispnv50/base.h:3,
                 from core/drivers/gpu/drm/nouveau//dispnv50/base917c.c:22:
core/include/linux_headers/linux_include/linux/memcontrol.h: In function ‘mem_cgroup_under_socket_pressure’:
core/include/linux_headers/linux_include/linux/typecheck.h:12:18: warning: comparison of distinct pointer types lacks a cast
   12 |  (void)(&__dummy == &__dummy2); \
      |                  ^~
core/include/linux_headers/linux_include/linux/jiffies.h:141:3: note: in expansion of macro ‘typecheck’
  141 |   typecheck(unsigned long, b) && \
      |   ^~~~~~~~~
core/include/linux_headers/linux_include/linux/jiffies.h:143:26: note: in expansion of macro ‘time_after’
  143 | #define time_before(a,b) time_after(b,a)
      |                          ^~~~~~~~~~
core/include/linux_headers/linux_include/linux/memcontrol.h:1475:7: note: in expansion of macro ‘time_before’
 1475 |   if (time_before(jiffies, memcg->socket_pressure))
      |       ^~~~~~~~~~~
In file included from core/include/linux_headers/linux_include/linux/kernel.h:14,
                 from core/include/linux_headers/linux_include/linux/list.h:9,
                 from core/include/linux_headers/linux_include/linux/timer.h:5,
                 from core/include/linux_headers/linux_include/linux/workqueue.h:9,
                 from core/drivers/gpu/drm/nouveau//dispnv50/disp.h:3,
                 from core/drivers/gpu/drm/nouveau//dispnv50/wndw.h:4,
                 from core/drivers/gpu/drm/nouveau//dispnv50/curs.h:3,
                 from core/drivers/gpu/drm/nouveau//dispnv50/curs.c:22:
core/include/linux_headers/linux_include/linux/memcontrol.h: In function ‘mem_cgroup_under_socket_pressure’:
core/include/linux_headers/linux_include/linux/typecheck.h:12:18: warning: comparison of distinct pointer types lacks a cast
   12 |  (void)(&__dummy == &__dummy2); \
      |                  ^~
core/include/linux_headers/linux_include/linux/jiffies.h:141:3: note: in expansion of macro ‘typecheck’
  141 |   typecheck(unsigned long, b) && \
      |   ^~~~~~~~~
core/include/linux_headers/linux_include/linux/jiffies.h:143:26: note: in expansion of macro ‘time_after’
  143 | #define time_before(a,b) time_after(b,a)
      |                          ^~~~~~~~~~
core/include/linux_headers/linux_include/linux/memcontrol.h:1475:7: note: in expansion of macro ‘time_before’
 1475 |   if (time_before(jiffies, memcg->socket_pressure))
      |       ^~~~~~~~~~~
In file included from core/include/linux_headers/linux_include/linux/kernel.h:14,
                 from core/include/linux_headers/linux_include/linux/list.h:9,
                 from core/include/linux_headers/linux_include/linux/timer.h:5,
                 from core/include/linux_headers/linux_include/linux/workqueue.h:9,
                 from core/drivers/gpu/drm/nouveau//dispnv50/disp.h:3,
                 from core/drivers/gpu/drm/nouveau//dispnv50/wndw.h:4,
                 from core/drivers/gpu/drm/nouveau//dispnv50/curs.h:3,
                 from core/drivers/gpu/drm/nouveau//dispnv50/cursc37a.c:22:
core/include/linux_headers/linux_include/linux/memcontrol.h: In function ‘mem_cgroup_under_socket_pressure’:
core/include/linux_headers/linux_include/linux/typecheck.h:12:18: warning: comparison of distinct pointer types lacks a cast
   12 |  (void)(&__dummy == &__dummy2); \
      |                  ^~
core/include/linux_headers/linux_include/linux/jiffies.h:141:3: note: in expansion of macro ‘typecheck’
  141 |   typecheck(unsigned long, b) && \
      |   ^~~~~~~~~
core/include/linux_headers/linux_include/linux/jiffies.h:143:26: note: in expansion of macro ‘time_after’
  143 | #define time_before(a,b) time_after(b,a)
      |                          ^~~~~~~~~~
core/include/linux_headers/linux_include/linux/memcontrol.h:1475:7: note: in expansion of macro ‘time_before’
 1475 |   if (time_before(jiffies, memcg->socket_pressure))
      |       ^~~~~~~~~~~
In file included from core/include/linux_headers/linux_include/linux/kernel.h:14,
                 from core/include/linux_headers/linux_include/linux/list.h:9,
                 from core/include/linux_headers/linux_include/linux/timer.h:5,
                 from core/include/linux_headers/linux_include/linux/workqueue.h:9,
                 from core/drivers/gpu/drm/nouveau//dispnv50/disp.h:3,
                 from core/drivers/gpu/drm/nouveau//dispnv50/wndw.h:4,
                 from core/drivers/gpu/drm/nouveau//dispnv50/curs.h:3,
                 from core/drivers/gpu/drm/nouveau//dispnv50/curs907a.c:22:
core/include/linux_headers/linux_include/linux/memcontrol.h: In function ‘mem_cgroup_under_socket_pressure’:
core/include/linux_headers/linux_include/linux/typecheck.h:12:18: warning: comparison of distinct pointer types lacks a cast
   12 |  (void)(&__dummy == &__dummy2); \
      |                  ^~
core/include/linux_headers/linux_include/linux/jiffies.h:141:3: note: in expansion of macro ‘typecheck’
  141 |   typecheck(unsigned long, b) && \
      |   ^~~~~~~~~
core/include/linux_headers/linux_include/linux/jiffies.h:143:26: note: in expansion of macro ‘time_after’
  143 | #define time_before(a,b) time_after(b,a)
      |                          ^~~~~~~~~~
core/include/linux_headers/linux_include/linux/memcontrol.h:1475:7: note: in expansion of macro ‘time_before’
 1475 |   if (time_before(jiffies, memcg->socket_pressure))
      |       ^~~~~~~~~~~
In file included from core/include/linux_headers/linux_include/linux/kernel.h:14,
                 from core/include/linux_headers/linux_include/linux/list.h:9,
                 from core/include/linux_headers/linux_include/linux/timer.h:5,
                 from core/include/linux_headers/linux_include/linux/workqueue.h:9,
                 from core/drivers/gpu/drm/nouveau//dispnv50/disp.h:3,
                 from core/drivers/gpu/drm/nouveau//dispnv50/wndw.h:4,
                 from core/drivers/gpu/drm/nouveau//dispnv50/oimm.h:3,
                 from core/drivers/gpu/drm/nouveau//dispnv50/oimm.c:22:
core/include/linux_headers/linux_include/linux/memcontrol.h: In function ‘mem_cgroup_under_socket_pressure’:
core/include/linux_headers/linux_include/linux/typecheck.h:12:18: warning: comparison of distinct pointer types lacks a cast
   12 |  (void)(&__dummy == &__dummy2); \
      |                  ^~
core/include/linux_headers/linux_include/linux/jiffies.h:141:3: note: in expansion of macro ‘typecheck’
  141 |   typecheck(unsigned long, b) && \
      |   ^~~~~~~~~
core/include/linux_headers/linux_include/linux/jiffies.h:143:26: note: in expansion of macro ‘time_after’
  143 | #define time_before(a,b) time_after(b,a)
      |                          ^~~~~~~~~~
core/include/linux_headers/linux_include/linux/memcontrol.h:1475:7: note: in expansion of macro ‘time_before’
 1475 |   if (time_before(jiffies, memcg->socket_pressure))
      |       ^~~~~~~~~~~
In file included from core/include/linux_headers/linux_include/linux/kernel.h:14,
                 from core/include/linux_headers/linux_include/linux/list.h:9,
                 from core/include/linux_headers/linux_include/linux/timer.h:5,
                 from core/include/linux_headers/linux_include/linux/workqueue.h:9,
                 from core/drivers/gpu/drm/nouveau//dispnv50/disp.h:3,
                 from core/drivers/gpu/drm/nouveau//dispnv50/wndw.h:4,
                 from core/drivers/gpu/drm/nouveau//dispnv50/oimm.h:3,
                 from core/drivers/gpu/drm/nouveau//dispnv50/oimm507b.c:22:
core/include/linux_headers/linux_include/linux/memcontrol.h: In function ‘mem_cgroup_under_socket_pressure’:
core/include/linux_headers/linux_include/linux/typecheck.h:12:18: warning: comparison of distinct pointer types lacks a cast
   12 |  (void)(&__dummy == &__dummy2); \
      |                  ^~
core/include/linux_headers/linux_include/linux/jiffies.h:141:3: note: in expansion of macro ‘typecheck’
  141 |   typecheck(unsigned long, b) && \
      |   ^~~~~~~~~
core/include/linux_headers/linux_include/linux/jiffies.h:143:26: note: in expansion of macro ‘time_after’
  143 | #define time_before(a,b) time_after(b,a)
      |                          ^~~~~~~~~~
core/include/linux_headers/linux_include/linux/memcontrol.h:1475:7: note: in expansion of macro ‘time_before’
 1475 |   if (time_before(jiffies, memcg->socket_pressure))
      |       ^~~~~~~~~~~
In file included from core/include/linux_headers/linux_include/linux/kernel.h:14,
                 from core/include/linux_headers/linux_include/linux/list.h:9,
                 from core/include/linux_headers/linux_include/linux/timer.h:5,
                 from core/include/linux_headers/linux_include/linux/workqueue.h:9,
                 from core/drivers/gpu/drm/nouveau//dispnv50/disp.h:3,
                 from core/drivers/gpu/drm/nouveau//dispnv50/wndw.h:4,
                 from core/drivers/gpu/drm/nouveau//dispnv50/ovly.h:3,
                 from core/drivers/gpu/drm/nouveau//dispnv50/ovly.c:22:
core/include/linux_headers/linux_include/linux/memcontrol.h: In function ‘mem_cgroup_under_socket_pressure’:
core/include/linux_headers/linux_include/linux/typecheck.h:12:18: warning: comparison of distinct pointer types lacks a cast
   12 |  (void)(&__dummy == &__dummy2); \
      |                  ^~
core/include/linux_headers/linux_include/linux/jiffies.h:141:3: note: in expansion of macro ‘typecheck’
  141 |   typecheck(unsigned long, b) && \
      |   ^~~~~~~~~
core/include/linux_headers/linux_include/linux/jiffies.h:143:26: note: in expansion of macro ‘time_after’
  143 | #define time_before(a,b) time_after(b,a)
      |                          ^~~~~~~~~~
core/include/linux_headers/linux_include/linux/memcontrol.h:1475:7: note: in expansion of macro ‘time_before’
 1475 |   if (time_before(jiffies, memcg->socket_pressure))
      |       ^~~~~~~~~~~
In file included from core/include/linux_headers/linux_include/linux/kernel.h:14,
                 from core/include/linux_headers/linux_include/asm-generic/bug.h:20,
                 from core/include/linux_headers/arch_header/asm/bug.h:30,
                 from core/include/linux_headers/linux_include/linux/bug.h:5,
                 from core/include/linux_headers/linux_include/linux/mmdebug.h:5,
                 from core/include/linux_headers/linux_include/linux/mm.h:9,
                 from core/tee/tee_pfn.c:5:
core/include/linux_headers/linux_include/linux/memcontrol.h: In function ‘mem_cgroup_under_socket_pressure’:
core/include/linux_headers/linux_include/linux/typecheck.h:12:18: warning: comparison of distinct pointer types lacks a cast
   12 |  (void)(&__dummy == &__dummy2); \
      |                  ^~
core/include/linux_headers/linux_include/linux/jiffies.h:141:3: note: in expansion of macro ‘typecheck’
  141 |   typecheck(unsigned long, b) && \
      |   ^~~~~~~~~
core/include/linux_headers/linux_include/linux/jiffies.h:143:26: note: in expansion of macro ‘time_after’
  143 | #define time_before(a,b) time_after(b,a)
      |                          ^~~~~~~~~~
core/include/linux_headers/linux_include/linux/memcontrol.h:1475:7: note: in expansion of macro ‘time_before’
 1475 |   if (time_before(jiffies, memcg->socket_pressure))
      |       ^~~~~~~~~~~
In file included from core/include/linux_headers/linux_include/linux/kernel.h:14,
                 from core/include/linux_headers/linux_include/linux/list.h:9,
                 from core/include/linux_headers/linux_include/linux/timer.h:5,
                 from core/include/linux_headers/linux_include/linux/workqueue.h:9,
                 from core/drivers/gpu/drm/nouveau//dispnv50/disp.h:3,
                 from core/drivers/gpu/drm/nouveau//dispnv50/wndw.h:4,
                 from core/drivers/gpu/drm/nouveau//dispnv50/ovly.h:3,
                 from core/drivers/gpu/drm/nouveau//dispnv50/ovly907e.c:22:
core/include/linux_headers/linux_include/linux/memcontrol.h: In function ‘mem_cgroup_under_socket_pressure’:
core/include/linux_headers/linux_include/linux/typecheck.h:12:18: warning: comparison of distinct pointer types lacks a cast
   12 |  (void)(&__dummy == &__dummy2); \
      |                  ^~
core/include/linux_headers/linux_include/linux/jiffies.h:141:3: note: in expansion of macro ‘typecheck’
  141 |   typecheck(unsigned long, b) && \
      |   ^~~~~~~~~
core/include/linux_headers/linux_include/linux/jiffies.h:143:26: note: in expansion of macro ‘time_after’
  143 | #define time_before(a,b) time_after(b,a)
      |                          ^~~~~~~~~~
core/include/linux_headers/linux_include/linux/memcontrol.h:1475:7: note: in expansion of macro ‘time_before’
 1475 |   if (time_before(jiffies, memcg->socket_pressure))
      |       ^~~~~~~~~~~
In file included from core/include/linux_headers/linux_include/linux/kernel.h:14,
                 from core/include/linux_headers/linux_include/linux/list.h:9,
                 from core/include/linux_headers/linux_include/linux/timer.h:5,
                 from core/include/linux_headers/linux_include/linux/workqueue.h:9,
                 from core/drivers/gpu/drm/nouveau//dispnv50/disp.h:3,
                 from core/drivers/gpu/drm/nouveau//dispnv50/wndw.h:4,
                 from core/drivers/gpu/drm/nouveau//dispnv50/ovly.h:3,
                 from core/drivers/gpu/drm/nouveau//dispnv50/ovly827e.c:22:
core/include/linux_headers/linux_include/linux/memcontrol.h: In function ‘mem_cgroup_under_socket_pressure’:
core/include/linux_headers/linux_include/linux/typecheck.h:12:18: warning: comparison of distinct pointer types lacks a cast
   12 |  (void)(&__dummy == &__dummy2); \
      |                  ^~
core/include/linux_headers/linux_include/linux/jiffies.h:141:3: note: in expansion of macro ‘typecheck’
  141 |   typecheck(unsigned long, b) && \
      |   ^~~~~~~~~
core/include/linux_headers/linux_include/linux/jiffies.h:143:26: note: in expansion of macro ‘time_after’
  143 | #define time_before(a,b) time_after(b,a)
      |                          ^~~~~~~~~~
core/include/linux_headers/linux_include/linux/memcontrol.h:1475:7: note: in expansion of macro ‘time_before’
 1475 |   if (time_before(jiffies, memcg->socket_pressure))
      |       ^~~~~~~~~~~
In file included from core/include/linux_headers/linux_include/linux/kernel.h:14,
                 from core/include/linux_headers/linux_include/linux/list.h:9,
                 from core/include/linux_headers/linux_include/linux/timer.h:5,
                 from core/include/linux_headers/linux_include/linux/workqueue.h:9,
                 from core/drivers/gpu/drm/nouveau//dispnv50/disp.h:3,
                 from core/drivers/gpu/drm/nouveau//dispnv50/wndw.h:4,
                 from core/drivers/gpu/drm/nouveau//dispnv50/ovly.h:3,
                 from core/drivers/gpu/drm/nouveau//dispnv50/ovly917e.c:22:
core/include/linux_headers/linux_include/linux/memcontrol.h: In function ‘mem_cgroup_under_socket_pressure’:
core/include/linux_headers/linux_include/linux/typecheck.h:12:18: warning: comparison of distinct pointer types lacks a cast
   12 |  (void)(&__dummy == &__dummy2); \
      |                  ^~
core/include/linux_headers/linux_include/linux/jiffies.h:141:3: note: in expansion of macro ‘typecheck’
  141 |   typecheck(unsigned long, b) && \
      |   ^~~~~~~~~
core/include/linux_headers/linux_include/linux/jiffies.h:143:26: note: in expansion of macro ‘time_after’
  143 | #define time_before(a,b) time_after(b,a)
      |                          ^~~~~~~~~~
core/include/linux_headers/linux_include/linux/memcontrol.h:1475:7: note: in expansion of macro ‘time_before’
 1475 |   if (time_before(jiffies, memcg->socket_pressure))
      |       ^~~~~~~~~~~
In file included from core/include/linux_headers/linux_include/linux/kernel.h:14,
                 from core/include/linux_headers/linux_include/linux/list.h:9,
                 from core/include/linux_headers/linux_include/linux/timer.h:5,
                 from core/include/linux_headers/linux_include/linux/workqueue.h:9,
                 from core/drivers/gpu/drm/nouveau//dispnv50/disp.h:3,
                 from core/drivers/gpu/drm/nouveau//dispnv50/wndw.h:4,
                 from core/drivers/gpu/drm/nouveau//dispnv50/ovly.h:3,
                 from core/drivers/gpu/drm/nouveau//dispnv50/ovly507e.c:22:
core/include/linux_headers/linux_include/linux/memcontrol.h: In function ‘mem_cgroup_under_socket_pressure’:
core/include/linux_headers/linux_include/linux/typecheck.h:12:18: warning: comparison of distinct pointer types lacks a cast
   12 |  (void)(&__dummy == &__dummy2); \
      |                  ^~
core/include/linux_headers/linux_include/linux/jiffies.h:141:3: note: in expansion of macro ‘typecheck’
  141 |   typecheck(unsigned long, b) && \
      |   ^~~~~~~~~
core/include/linux_headers/linux_include/linux/jiffies.h:143:26: note: in expansion of macro ‘time_after’
  143 | #define time_before(a,b) time_after(b,a)
      |                          ^~~~~~~~~~
core/include/linux_headers/linux_include/linux/memcontrol.h:1475:7: note: in expansion of macro ‘time_before’
 1475 |   if (time_before(jiffies, memcg->socket_pressure))
      |       ^~~~~~~~~~~
  LD      out/arm/core/all_objs.o
  GEN     out/arm/core/unpaged_entries.txt
  GEN     out/arm/core/init_entries.txt
  LD      out/arm/core/unpaged.o
  UPD     out/arm/core/.buildcount
  GEN     out/arm/core/version.o
  LD      out/arm/core/init.o
  GEN     out/arm/core/text_unpaged.ld.S
  GEN     out/arm/core/rodata_unpaged.ld.S
  GEN     out/arm/core/text_init.ld.S
  GEN     out/arm/core/rodata_init.ld.S
  CPP     out/arm/core/kern.ld
  LD      out/arm/core/tee.elf
make[1]: *** Deleting file 'out/arm/core/tee.elf'
core/arch/arm/kernel/link.mk:165: recipe for target 'out/arm/core/tee.elf' failed
make[1]: *** [out/arm/core/tee.elf] Interrupt
common.mk:451: recipe for target 'optee-os-common' failed
make: *** [optee-os-common] Interrupt
