/home/jianyu/optee/build/../toolchains/aarch64/bin/aarch64-linux-gnu-ld.bfd: out/arm/core/arch/arm/plat-vexpress/main.o:/home/jianyu/optee/optee_os/core/arch/arm/plat-vexpress/main.c:145: undefined reference to `init_workqueue'
/home/jianyu/optee/optee_os/core/include/linux_headers/linux_include/linux/workqueue.h:522: undefined reference to `system_freezable_wq'
/home/jianyu/optee/build/../toolchains/aarch64/bin/aarch64-linux-gnu-ld.bfd: /home/jianyu/optee/optee_os/core/include/linux_headers/linux_include/linux/workqueue.h:522: undefined reference to `system_freezable_wq'
/home/jianyu/optee/build/../toolchains/aarch64/bin/aarch64-linux-gnu-ld.bfd: /home/jianyu/optee/optee_os/core/include/linux_headers/linux_include/linux/workqueue.h:522: undefined reference to `queue_delayed_work_on'
/home/jianyu/optee/build/../toolchains/aarch64/bin/aarch64-linux-gnu-ld.bfd: /home/jianyu/optee/optee_os/core/include/linux_headers/linux_include/linux/workqueue.h:522: undefined reference to `system_freezable_wq'
/home/jianyu/optee/build/../toolchains/aarch64/bin/aarch64-linux-gnu-ld.bfd: /home/jianyu/optee/optee_os/core/include/linux_headers/linux_include/linux/workqueue.h:522: undefined reference to `system_freezable_wq'
/home/jianyu/optee/build/../toolchains/aarch64/bin/aarch64-linux-gnu-ld.bfd: /home/jianyu/optee/optee_os/core/include/linux_headers/linux_include/linux/workqueue.h:522: undefined reference to `queue_delayed_work_on'
/home/jianyu/optee/build/../toolchains/aarch64/bin/aarch64-linux-gnu-ld.bfd: out/arm/core/drivers/pci/pci.o:(.data.pci_pme_work+0x38): undefined reference to `delayed_work_timer_fn'
/home/jianyu/optee/optee_os/core/include/linux_headers/linux_include/linux/workqueue.h:522: undefined reference to `system_wq'
/home/jianyu/optee/build/../toolchains/aarch64/bin/aarch64-linux-gnu-ld.bfd: /home/jianyu/optee/optee_os/core/include/linux_headers/linux_include/linux/workqueue.h:522: undefined reference to `system_wq'
/home/jianyu/optee/build/../toolchains/aarch64/bin/aarch64-linux-gnu-ld.bfd: /home/jianyu/optee/optee_os/core/include/linux_headers/linux_include/linux/workqueue.h:522: undefined reference to `queue_delayed_work_on'
/home/jianyu/optee/optee_os/core/drivers/gpu/drm/drm_probe_helper.c:749: undefined reference to `cancel_delayed_work_sync'
/home/jianyu/optee/optee_os/core/drivers/gpu/drm/drm_probe_helper.c:774: undefined reference to `delayed_work_timer_fn'
/home/jianyu/optee/build/../toolchains/aarch64/bin/aarch64-linux-gnu-ld.bfd: /home/jianyu/optee/optee_os/core/drivers/gpu/drm/drm_probe_helper.c:774: undefined reference to `delayed_work_timer_fn'
/home/jianyu/optee/optee_os/core/drivers/gpu/drm/drm_probe_helper.c:791: undefined reference to `cancel_delayed_work_sync'
/home/jianyu/optee/build/../toolchains/aarch64/bin/aarch64-linux-gnu-ld.bfd: out/arm/core/drivers/gpu/drm/drm_drv.o:(.data.drm_unplug_srcu+0x140): undefined reference to `delayed_work_timer_fn'
/home/jianyu/optee/optee_os/core/include/linux_headers/linux_include/linux/workqueue.h:507: undefined reference to `system_wq'
/home/jianyu/optee/build/../toolchains/aarch64/bin/aarch64-linux-gnu-ld.bfd: /home/jianyu/optee/optee_os/core/include/linux_headers/linux_include/linux/workqueue.h:507: undefined reference to `system_wq'
/home/jianyu/optee/build/../toolchains/aarch64/bin/aarch64-linux-gnu-ld.bfd: /home/jianyu/optee/optee_os/core/include/linux_headers/linux_include/linux/workqueue.h:507: undefined reference to `queue_work_on'
/home/jianyu/optee/optee_os/core/drivers/gpu/drm/drm_framebuffer.c:807: undefined reference to `flush_work'
/home/jianyu/optee/optee_os/core/include/linux_headers/linux_include/linux/workqueue.h:507: undefined reference to `system_wq'
/home/jianyu/optee/build/../toolchains/aarch64/bin/aarch64-linux-gnu-ld.bfd: /home/jianyu/optee/optee_os/core/include/linux_headers/linux_include/linux/workqueue.h:507: undefined reference to `system_wq'
/home/jianyu/optee/build/../toolchains/aarch64/bin/aarch64-linux-gnu-ld.bfd: /home/jianyu/optee/optee_os/core/include/linux_headers/linux_include/linux/workqueue.h:507: undefined reference to `queue_work_on'
/home/jianyu/optee/optee_os/core/drivers/gpu/drm/drm_framebuffer.c:473: undefined reference to `flush_work'
/home/jianyu/optee/optee_os/core/include/linux_headers/linux_include/linux/workqueue.h:507: undefined reference to `system_wq'
/home/jianyu/optee/build/../toolchains/aarch64/bin/aarch64-linux-gnu-ld.bfd: /home/jianyu/optee/optee_os/core/include/linux_headers/linux_include/linux/workqueue.h:507: undefined reference to `system_wq'
/home/jianyu/optee/build/../toolchains/aarch64/bin/aarch64-linux-gnu-ld.bfd: /home/jianyu/optee/optee_os/core/include/linux_headers/linux_include/linux/workqueue.h:507: undefined reference to `queue_work_on'
/home/jianyu/optee/optee_os/core/drivers/gpu/drm/drm_mode_config.c:503: undefined reference to `flush_work'
/home/jianyu/optee/optee_os/core/include/linux_headers/linux_include/linux/workqueue.h:507: undefined reference to `queue_work_on'
/home/jianyu/optee/optee_os/core/drivers/gpu/drm/ttm//ttm_memory.c:471: undefined reference to `flush_workqueue'
/home/jianyu/optee/build/../toolchains/aarch64/bin/aarch64-linux-gnu-ld.bfd: /home/jianyu/optee/optee_os/core/drivers/gpu/drm/ttm//ttm_memory.c:472: undefined reference to `destroy_workqueue'
/home/jianyu/optee/optee_os/core/drivers/gpu/drm/ttm//ttm_memory.c:423: undefined reference to `alloc_workqueue'
/home/jianyu/optee/optee_os/core/include/linux_headers/linux_include/linux/workqueue.h:522: undefined reference to `system_wq'
/home/jianyu/optee/build/../toolchains/aarch64/bin/aarch64-linux-gnu-ld.bfd: /home/jianyu/optee/optee_os/core/include/linux_headers/linux_include/linux/workqueue.h:522: undefined reference to `system_wq'
/home/jianyu/optee/build/../toolchains/aarch64/bin/aarch64-linux-gnu-ld.bfd: /home/jianyu/optee/optee_os/core/include/linux_headers/linux_include/linux/workqueue.h:522: undefined reference to `queue_delayed_work_on'
/home/jianyu/optee/optee_os/core/drivers/gpu/drm/ttm//ttm_bo.c:1698: undefined reference to `delayed_work_timer_fn'
/home/jianyu/optee/build/../toolchains/aarch64/bin/aarch64-linux-gnu-ld.bfd: /home/jianyu/optee/optee_os/core/drivers/gpu/drm/ttm//ttm_bo.c:1698: undefined reference to `delayed_work_timer_fn'
/home/jianyu/optee/optee_os/core/drivers/gpu/drm/ttm//ttm_bo.c:1651: undefined reference to `cancel_delayed_work_sync'
/home/jianyu/optee/optee_os/core/include/linux_headers/linux_include/linux/workqueue.h:507: undefined reference to `system_wq'
/home/jianyu/optee/build/../toolchains/aarch64/bin/aarch64-linux-gnu-ld.bfd: /home/jianyu/optee/optee_os/core/include/linux_headers/linux_include/linux/workqueue.h:507: undefined reference to `system_wq'
/home/jianyu/optee/build/../toolchains/aarch64/bin/aarch64-linux-gnu-ld.bfd: /home/jianyu/optee/optee_os/core/include/linux_headers/linux_include/linux/workqueue.h:507: undefined reference to `queue_work_on'
/home/jianyu/optee/optee_os/core/drivers/gpu/drm/nouveau//nouveau_drm.c:176: undefined reference to `flush_work'
/home/jianyu/optee/optee_os/core/drivers/gpu/drm/nouveau//nouveau_display.c:569: undefined reference to `cancel_work_sync'
/home/jianyu/optee/optee_os/core/include/linux_headers/linux_include/linux/workqueue.h:507: undefined reference to `system_wq'
/home/jianyu/optee/build/../toolchains/aarch64/bin/aarch64-linux-gnu-ld.bfd: /home/jianyu/optee/optee_os/core/include/linux_headers/linux_include/linux/workqueue.h:507: undefined reference to `system_wq'
/home/jianyu/optee/build/../toolchains/aarch64/bin/aarch64-linux-gnu-ld.bfd: /home/jianyu/optee/optee_os/core/include/linux_headers/linux_include/linux/workqueue.h:507: undefined reference to `queue_work_on'
/home/jianyu/optee/optee_os/core/drivers/gpu/drm/nouveau//nvif/notify.c:57: undefined reference to `flush_work'
/home/jianyu/optee/optee_os/core/include/linux_headers/linux_include/linux/workqueue.h:507: undefined reference to `system_wq'
/home/jianyu/optee/build/../toolchains/aarch64/bin/aarch64-linux-gnu-ld.bfd: /home/jianyu/optee/optee_os/core/include/linux_headers/linux_include/linux/workqueue.h:507: undefined reference to `system_wq'
/home/jianyu/optee/build/../toolchains/aarch64/bin/aarch64-linux-gnu-ld.bfd: /home/jianyu/optee/optee_os/core/include/linux_headers/linux_include/linux/workqueue.h:507: undefined reference to `queue_work_on'
/home/jianyu/optee/optee_os/core/drivers/gpu/drm/nouveau//nvkm/core/notify.c:45: undefined reference to `flush_work'
/home/jianyu/optee/optee_os/core/include/linux_headers/linux_include/linux/workqueue.h:507: undefined reference to `system_wq'
/home/jianyu/optee/build/../toolchains/aarch64/bin/aarch64-linux-gnu-ld.bfd: /home/jianyu/optee/optee_os/core/include/linux_headers/linux_include/linux/workqueue.h:507: undefined reference to `system_wq'
/home/jianyu/optee/build/../toolchains/aarch64/bin/aarch64-linux-gnu-ld.bfd: /home/jianyu/optee/optee_os/core/include/linux_headers/linux_include/linux/workqueue.h:507: undefined reference to `queue_work_on'
/home/jianyu/optee/optee_os/core/drivers/gpu/drm/nouveau//nvkm/engine/disp/nv50.c:76: undefined reference to `destroy_workqueue'
/home/jianyu/optee/optee_os/core/include/linux_headers/linux_include/linux/workqueue.h:507: undefined reference to `queue_work_on'
/home/jianyu/optee/optee_os/core/drivers/gpu/drm/nouveau//nvkm/engine/disp/nv50.c:171: undefined reference to `alloc_workqueue'
/home/jianyu/optee/optee_os/core/include/linux_headers/linux_include/linux/workqueue.h:507: undefined reference to `queue_work_on'
/home/jianyu/optee/optee_os/core/include/linux_headers/linux_include/linux/workqueue.h:507: undefined reference to `queue_work_on'
/home/jianyu/optee/optee_os/core/include/linux_headers/linux_include/linux/workqueue.h:507: undefined reference to `system_wq'
/home/jianyu/optee/build/../toolchains/aarch64/bin/aarch64-linux-gnu-ld.bfd: /home/jianyu/optee/optee_os/core/include/linux_headers/linux_include/linux/workqueue.h:507: undefined reference to `system_wq'
/home/jianyu/optee/build/../toolchains/aarch64/bin/aarch64-linux-gnu-ld.bfd: /home/jianyu/optee/optee_os/core/include/linux_headers/linux_include/linux/workqueue.h:507: undefined reference to `queue_work_on'
/home/jianyu/optee/optee_os/core/drivers/gpu/drm/nouveau//nvkm/engine/fifo/gf100.c:617: undefined reference to `flush_work'
/home/jianyu/optee/optee_os/core/drivers/gpu/drm/nouveau//nvkm/engine/fifo/gk104.c:869: undefined reference to `flush_work'
/home/jianyu/optee/optee_os/core/include/linux_headers/linux_include/linux/workqueue.h:507: undefined reference to `system_wq'
/home/jianyu/optee/build/../toolchains/aarch64/bin/aarch64-linux-gnu-ld.bfd: /home/jianyu/optee/optee_os/core/include/linux_headers/linux_include/linux/workqueue.h:507: undefined reference to `system_wq'
/home/jianyu/optee/build/../toolchains/aarch64/bin/aarch64-linux-gnu-ld.bfd: /home/jianyu/optee/optee_os/core/include/linux_headers/linux_include/linux/workqueue.h:507: undefined reference to `queue_work_on'
/home/jianyu/optee/build/../toolchains/aarch64/bin/aarch64-linux-gnu-ld.bfd: /home/jianyu/optee/optee_os/core/include/linux_headers/linux_include/linux/workqueue.h:507: undefined reference to `system_wq'
/home/jianyu/optee/build/../toolchains/aarch64/bin/aarch64-linux-gnu-ld.bfd: /home/jianyu/optee/optee_os/core/include/linux_headers/linux_include/linux/workqueue.h:507: undefined reference to `system_wq'
/home/jianyu/optee/build/../toolchains/aarch64/bin/aarch64-linux-gnu-ld.bfd: /home/jianyu/optee/optee_os/core/include/linux_headers/linux_include/linux/workqueue.h:507: undefined reference to `queue_work_on'
/home/jianyu/optee/optee_os/core/drivers/gpu/drm/nouveau//nvkm/engine/sec2/base.c:58: undefined reference to `flush_work'
/home/jianyu/optee/optee_os/core/include/linux_headers/linux_include/linux/workqueue.h:507: undefined reference to `system_wq'
/home/jianyu/optee/build/../toolchains/aarch64/bin/aarch64-linux-gnu-ld.bfd: /home/jianyu/optee/optee_os/core/include/linux_headers/linux_include/linux/workqueue.h:507: undefined reference to `system_wq'
/home/jianyu/optee/build/../toolchains/aarch64/bin/aarch64-linux-gnu-ld.bfd: /home/jianyu/optee/optee_os/core/include/linux_headers/linux_include/linux/workqueue.h:507: undefined reference to `queue_work_on'
/home/jianyu/optee/optee_os/core/include/linux_headers/linux_include/linux/workqueue.h:507: undefined reference to `system_wq'
/home/jianyu/optee/build/../toolchains/aarch64/bin/aarch64-linux-gnu-ld.bfd: /home/jianyu/optee/optee_os/core/include/linux_headers/linux_include/linux/workqueue.h:507: undefined reference to `system_wq'
/home/jianyu/optee/build/../toolchains/aarch64/bin/aarch64-linux-gnu-ld.bfd: /home/jianyu/optee/optee_os/core/include/linux_headers/linux_include/linux/workqueue.h:507: undefined reference to `queue_work_on'
/home/jianyu/optee/optee_os/core/drivers/gpu/drm/nouveau//nvkm/subdev/clk/base.c:584: undefined reference to `flush_work'
/home/jianyu/optee/optee_os/core/drivers/gpu/drm/nouveau//nvkm/subdev/pmu/base.c:87: undefined reference to `flush_work'
/home/jianyu/optee/optee_os/core/include/linux_headers/linux_include/linux/workqueue.h:507: undefined reference to `system_wq'
/home/jianyu/optee/build/../toolchains/aarch64/bin/aarch64-linux-gnu-ld.bfd: /home/jianyu/optee/optee_os/core/include/linux_headers/linux_include/linux/workqueue.h:507: undefined reference to `system_wq'
/home/jianyu/optee/build/../toolchains/aarch64/bin/aarch64-linux-gnu-ld.bfd: /home/jianyu/optee/optee_os/core/include/linux_headers/linux_include/linux/workqueue.h:507: undefined reference to `queue_work_on'
/home/jianyu/optee/optee_os/core/include/linux_headers/linux_include/linux/workqueue.h:507: undefined reference to `system_wq'
/home/jianyu/optee/build/../toolchains/aarch64/bin/aarch64-linux-gnu-ld.bfd: /home/jianyu/optee/optee_os/core/include/linux_headers/linux_include/linux/workqueue.h:507: undefined reference to `system_wq'
/home/jianyu/optee/build/../toolchains/aarch64/bin/aarch64-linux-gnu-ld.bfd: /home/jianyu/optee/optee_os/core/include/linux_headers/linux_include/linux/workqueue.h:507: undefined reference to `queue_work_on'
/home/jianyu/optee/optee_os/core/include/linux_headers/linux_include/linux/workqueue.h:507: undefined reference to `system_wq'
/home/jianyu/optee/build/../toolchains/aarch64/bin/aarch64-linux-gnu-ld.bfd: /home/jianyu/optee/optee_os/core/include/linux_headers/linux_include/linux/workqueue.h:507: undefined reference to `system_wq'
/home/jianyu/optee/build/../toolchains/aarch64/bin/aarch64-linux-gnu-ld.bfd: /home/jianyu/optee/optee_os/core/include/linux_headers/linux_include/linux/workqueue.h:507: undefined reference to `queue_work_on'
